INFO 2026-01-06 11:40:00,560 generador_pdf 54978 8468776960 Generador de Informe T√©cnico inicializado correctamente
INFO 2026-01-06 11:40:00,560 generador_pdf 54978 8468776960 ‚ïê‚ïê‚ïê‚ïê‚ïê‚ïê‚ïê‚ïê‚ïê‚ïê‚ïê‚ïê‚ïê‚ïê‚ïê‚ïê‚ïê‚ïê‚ïê‚ïê‚ïê‚ïê‚ïê‚ïê‚ïê‚ïê‚ïê‚ïê‚ïê‚ïê‚ïê‚ïê‚ïê‚ïê‚ïê‚ïê‚ïê‚ïê‚ïê‚ïê‚ïê‚ïê‚ïê‚ïê‚ïê‚ïê‚ïê‚ïê‚ïê‚ïê‚ïê‚ïê‚ïê‚ïê‚ïê‚ïê‚ïê‚ïê‚ïê‚ïê‚ïê‚ïê‚ïê‚ïê‚ïê‚ïê‚ïê‚ïê‚ïê‚ïê‚ïê‚ïê‚ïê‚ïê‚ïê‚ïê‚ïê‚ïê‚ïê‚ïê
INFO 2026-01-06 11:40:00,560 generador_pdf 54978 8468776960 INICIO - Generaci√≥n de Informe T√©cnico Profesional
INFO 2026-01-06 11:40:00,560 generador_pdf 54978 8468776960 Parcela ID: 6 | Ventana temporal: 12 meses
INFO 2026-01-06 11:40:00,560 generador_pdf 54978 8468776960 ‚ïê‚ïê‚ïê‚ïê‚ïê‚ïê‚ïê‚ïê‚ïê‚ïê‚ïê‚ïê‚ïê‚ïê‚ïê‚ïê‚ïê‚ïê‚ïê‚ïê‚ïê‚ïê‚ïê‚ïê‚ïê‚ïê‚ïê‚ïê‚ïê‚ïê‚ïê‚ïê‚ïê‚ïê‚ïê‚ïê‚ïê‚ïê‚ïê‚ïê‚ïê‚ïê‚ïê‚ïê‚ïê‚ïê‚ïê‚ïê‚ïê‚ïê‚ïê‚ïê‚ïê‚ïê‚ïê‚ïê‚ïê‚ïê‚ïê‚ïê‚ïê‚ïê‚ïê‚ïê‚ïê‚ïê‚ïê‚ïê‚ïê‚ïê‚ïê‚ïê‚ïê‚ïê‚ïê‚ïê‚ïê‚ïê‚ïê‚ïê
INFO 2026-01-06 11:40:00,560 generador_pdf 54978 8468776960 [FASE 1/5] Validaci√≥n y carga de datos...
INFO 2026-01-06 11:40:00,560 generador_pdf 54978 8468776960   ‚úì Parcela: Parcela #2
INFO 2026-01-06 11:40:00,561 generador_pdf 54978 8468776960   ‚úì Extensi√≥n: 61.41895755779824 hect√°reas
INFO 2026-01-06 11:40:00,561 generador_pdf 54978 8468776960   ‚úì Cultivo: Ma√≠z
INFO 2026-01-06 11:40:00,563 generador_pdf 54978 8468776960   ‚úì Per√≠odo analizado: January 2025 - December 2025
INFO 2026-01-06 11:40:00,563 generador_pdf 54978 8468776960   ‚úì Total de registros mensuales: 12
INFO 2026-01-06 11:40:00,564 generador_pdf 54978 8468776960   ‚úì Im√°genes satelitales en cach√©: 10
INFO 2026-01-06 11:40:00,564 generador_pdf 54978 8468776960 [FASE 2/5] Preparaci√≥n de datos para an√°lisis...
INFO 2026-01-06 11:40:00,564 generador_pdf 54978 8468776960   ‚úì Series temporales normalizadas: 12 puntos
INFO 2026-01-06 11:40:00,564 generador_pdf 54978 8468776960   ‚úì NDVI - Rango: [0.443, 0.739]
INFO 2026-01-06 11:40:00,564 generador_pdf 54978 8468776960 [FASE 3/5] Ejecuci√≥n del motor de an√°lisis agr√≠cola...
INFO 2026-01-06 11:41:23,546 gemini_service 58938 8468776960 ‚úÖ GeminiService inicializado correctamente
INFO 2026-01-06 11:41:23,546 gemini_service 58938 8468776960 ‚úÖ GeminiService instanciado globalmente
INFO 2026-01-06 11:41:43,642 gemini_service 60236 8468776960 ‚úÖ GeminiService inicializado correctamente
INFO 2026-01-06 11:41:43,642 gemini_service 60236 8468776960 ‚úÖ GeminiService instanciado globalmente
INFO 2026-01-06 11:41:43,754 generador_pdf 60236 8468776960 ‚úÖ Usando an√°lisis de Gemini desde cach√© (edad: -1 d√≠as)
INFO 2026-01-06 11:44:12,642 gemini_service 61495 8468776960 ‚úÖ GeminiService inicializado correctamente
INFO 2026-01-06 11:44:12,643 gemini_service 61495 8468776960 ‚úÖ GeminiService instanciado globalmente
INFO 2026-01-06 11:44:12,750 generador_pdf 61495 8468776960 ‚úÖ Usando an√°lisis de Gemini desde cach√© (edad: -1 d√≠as)
WARNING 2026-01-06 11:44:13,059 generador_pdf 61495 8468776960 ‚ö†Ô∏è Error en Gemini, usando an√°lisis tradicional mejorado
INFO 2026-01-06 11:44:13,074 gemini_service 61495 8468776960 ü§ñ Generando an√°lisis global de 30 im√°genes
ERROR 2026-01-06 11:44:13,960 gemini_service 61495 8468776960 ‚ùå Error generando an√°lisis global: 429 You exceeded your current quota, please check your plan and billing details. For more information on this error, head to: https://ai.google.dev/gemini-api/docs/rate-limits. To monitor your current usage, head to: https://ai.dev/usage?tab=rate-limit. 
* Quota exceeded for metric: generativelanguage.googleapis.com/generate_content_free_tier_requests, limit: 0, model: gemini-2.0-flash
* Quota exceeded for metric: generativelanguage.googleapis.com/generate_content_free_tier_requests, limit: 0, model: gemini-2.0-flash
* Quota exceeded for metric: generativelanguage.googleapis.com/generate_content_free_tier_input_token_count, limit: 0, model: gemini-2.0-flash
Please retry in 46.026631163s. [links {
  description: "Learn more about Gemini API quotas"
  url: "https://ai.google.dev/gemini-api/docs/rate-limits"
}
, violations {
  quota_metric: "generativelanguage.googleapis.com/generate_content_free_tier_requests"
  quota_id: "GenerateRequestsPerDayPerProjectPerModel-FreeTier"
  quota_dimensions {
    key: "model"
    value: "gemini-2.0-flash"
  }
  quota_dimensions {
    key: "location"
    value: "global"
  }
}
violations {
  quota_metric: "generativelanguage.googleapis.com/generate_content_free_tier_requests"
  quota_id: "GenerateRequestsPerMinutePerProjectPerModel-FreeTier"
  quota_dimensions {
    key: "model"
    value: "gemini-2.0-flash"
  }
  quota_dimensions {
    key: "location"
    value: "global"
  }
}
violations {
  quota_metric: "generativelanguage.googleapis.com/generate_content_free_tier_input_token_count"
  quota_id: "GenerateContentInputTokensPerModelPerMinute-FreeTier"
  quota_dimensions {
    key: "model"
    value: "gemini-2.0-flash"
  }
  quota_dimensions {
    key: "location"
    value: "global"
  }
}
, retry_delay {
  seconds: 46
}
]
INFO 2026-01-08 10:26:23,121 eosda_api 14477 8724760576 üîç B√∫squeda inteligente de im√°genes satelitales
INFO 2026-01-08 10:26:23,122 eosda_api 14477 8724760576    Per√≠odo: 2025-10-10 a 2026-01-08 (4 meses)
INFO 2026-01-08 10:26:23,122 eosda_api 14477 8724760576    M√≠nimo requerido: 2 meses con datos
INFO 2026-01-08 10:26:23,122 eosda_api 14477 8724760576 üåü Intentando con umbral 20% (calidad excelente)...
INFO 2026-01-08 10:26:23,136 eosda_api 14477 8724760576 üîç No hay cach√©, usando Statistics API - 3 √≠ndices en 1 petici√≥n
INFO 2026-01-08 10:26:23,136 eosda_api 14477 8724760576 üì° Enviando petici√≥n Statistics API: 3 √≠ndices
INFO 2026-01-08 10:26:23,136 eosda_api 14477 8724760576    √çndices: NDVI, NDMI, SAVI
INFO 2026-01-08 10:26:23,137 eosda_api 14477 8724760576    Geometr√≠a: Polygon con 10 puntos
ERROR 2026-01-08 10:26:23,902 eosda_api 14477 8724760576 ‚ùå Error EOSDA: 403
ERROR 2026-01-08 10:26:23,903 eosda_api 14477 8724760576    Respuesta: 403: Forbidden
INFO 2026-01-08 10:26:23,911 eosda_api 14477 8724760576    üìä Encontradas 0 escenas cubriendo 0/4 meses (0.0%)
WARNING 2026-01-08 10:26:23,912 eosda_api 14477 8724760576    ‚ö†Ô∏è Insuficiente cobertura (0/2 meses)
INFO 2026-01-08 10:26:23,912 eosda_api 14477 8724760576 ‚òÅÔ∏è Intentando con umbral 50% (calidad buena)...
INFO 2026-01-08 10:26:23,935 eosda_api 14477 8724760576 üîç No hay cach√©, usando Statistics API - 3 √≠ndices en 1 petici√≥n
INFO 2026-01-08 10:26:23,935 eosda_api 14477 8724760576 üì° Enviando petici√≥n Statistics API: 3 √≠ndices
INFO 2026-01-08 10:26:23,935 eosda_api 14477 8724760576    √çndices: NDVI, NDMI, SAVI
INFO 2026-01-08 10:26:23,935 eosda_api 14477 8724760576    Geometr√≠a: Polygon con 10 puntos
ERROR 2026-01-08 10:26:24,108 eosda_api 14477 8724760576 ‚ùå Error EOSDA: 403
ERROR 2026-01-08 10:26:24,108 eosda_api 14477 8724760576    Respuesta: 403: Forbidden
INFO 2026-01-08 10:26:24,109 eosda_api 14477 8724760576    üìä Encontradas 0 escenas cubriendo 0/4 meses (0.0%)
WARNING 2026-01-08 10:26:24,110 eosda_api 14477 8724760576    ‚ö†Ô∏è Insuficiente cobertura (0/2 meses)
INFO 2026-01-08 10:26:24,110 eosda_api 14477 8724760576 ‚ö†Ô∏è Intentando con umbral 80% (calidad aceptable)...
INFO 2026-01-08 10:26:24,121 eosda_api 14477 8724760576 üîç No hay cach√©, usando Statistics API - 3 √≠ndices en 1 petici√≥n
INFO 2026-01-08 10:26:24,121 eosda_api 14477 8724760576 üì° Enviando petici√≥n Statistics API: 3 √≠ndices
INFO 2026-01-08 10:26:24,121 eosda_api 14477 8724760576    √çndices: NDVI, NDMI, SAVI
INFO 2026-01-08 10:26:24,121 eosda_api 14477 8724760576    Geometr√≠a: Polygon con 10 puntos
ERROR 2026-01-08 10:26:24,295 eosda_api 14477 8724760576 ‚ùå Error EOSDA: 403
ERROR 2026-01-08 10:26:24,295 eosda_api 14477 8724760576    Respuesta: 403: Forbidden
INFO 2026-01-08 10:26:24,298 eosda_api 14477 8724760576    üìä Encontradas 0 escenas cubriendo 0/4 meses (0.0%)
WARNING 2026-01-08 10:26:24,298 eosda_api 14477 8724760576    ‚ö†Ô∏è Insuficiente cobertura (0/2 meses)
ERROR 2026-01-08 10:26:24,298 eosda_api 14477 8724760576 ‚ùå No se encontraron datos satelitales suficientes con ning√∫n umbral
INFO 2026-01-08 10:28:34,093 eosda_api 14720 8724760576 üîç B√∫squeda inteligente de im√°genes satelitales
INFO 2026-01-08 10:28:34,094 eosda_api 14720 8724760576    Per√≠odo: 2025-10-10 a 2026-01-08 (4 meses)
INFO 2026-01-08 10:28:34,094 eosda_api 14720 8724760576    M√≠nimo requerido: 2 meses con datos
INFO 2026-01-08 10:28:34,094 eosda_api 14720 8724760576 üåü Intentando con umbral 20% (calidad excelente)...
INFO 2026-01-08 10:28:34,104 eosda_api 14720 8724760576 üîç No hay cach√©, usando Statistics API - 3 √≠ndices en 1 petici√≥n
INFO 2026-01-08 10:28:34,104 eosda_api 14720 8724760576 üì° Enviando petici√≥n Statistics API: 3 √≠ndices
INFO 2026-01-08 10:28:34,104 eosda_api 14720 8724760576    √çndices: NDVI, NDMI, SAVI
INFO 2026-01-08 10:28:34,104 eosda_api 14720 8724760576    Geometr√≠a: Polygon con 10 puntos
ERROR 2026-01-08 10:28:34,866 eosda_api 14720 8724760576 ‚ùå Error EOSDA: 403
ERROR 2026-01-08 10:28:34,866 eosda_api 14720 8724760576    Respuesta: 403: Forbidden
INFO 2026-01-08 10:28:34,871 eosda_api 14720 8724760576    üìä Encontradas 0 escenas cubriendo 0/4 meses (0.0%)
WARNING 2026-01-08 10:28:34,871 eosda_api 14720 8724760576    ‚ö†Ô∏è Insuficiente cobertura (0/2 meses)
INFO 2026-01-08 10:28:34,871 eosda_api 14720 8724760576 ‚òÅÔ∏è Intentando con umbral 50% (calidad buena)...
INFO 2026-01-08 10:28:34,888 eosda_api 14720 8724760576 üîç No hay cach√©, usando Statistics API - 3 √≠ndices en 1 petici√≥n
INFO 2026-01-08 10:28:34,888 eosda_api 14720 8724760576 üì° Enviando petici√≥n Statistics API: 3 √≠ndices
INFO 2026-01-08 10:28:34,888 eosda_api 14720 8724760576    √çndices: NDVI, NDMI, SAVI
INFO 2026-01-08 10:28:34,888 eosda_api 14720 8724760576    Geometr√≠a: Polygon con 10 puntos
ERROR 2026-01-08 10:28:35,070 eosda_api 14720 8724760576 ‚ùå Error EOSDA: 403
ERROR 2026-01-08 10:28:35,070 eosda_api 14720 8724760576    Respuesta: 403: Forbidden
INFO 2026-01-08 10:28:35,072 eosda_api 14720 8724760576    üìä Encontradas 0 escenas cubriendo 0/4 meses (0.0%)
WARNING 2026-01-08 10:28:35,072 eosda_api 14720 8724760576    ‚ö†Ô∏è Insuficiente cobertura (0/2 meses)
INFO 2026-01-08 10:28:35,072 eosda_api 14720 8724760576 ‚ö†Ô∏è Intentando con umbral 80% (calidad aceptable)...
INFO 2026-01-08 10:28:35,095 eosda_api 14720 8724760576 üîç No hay cach√©, usando Statistics API - 3 √≠ndices en 1 petici√≥n
INFO 2026-01-08 10:28:35,095 eosda_api 14720 8724760576 üì° Enviando petici√≥n Statistics API: 3 √≠ndices
INFO 2026-01-08 10:28:35,095 eosda_api 14720 8724760576    √çndices: NDVI, NDMI, SAVI
INFO 2026-01-08 10:28:35,095 eosda_api 14720 8724760576    Geometr√≠a: Polygon con 10 puntos
ERROR 2026-01-08 10:28:35,269 eosda_api 14720 8724760576 ‚ùå Error EOSDA: 403
ERROR 2026-01-08 10:28:35,269 eosda_api 14720 8724760576    Respuesta: 403: Forbidden
INFO 2026-01-08 10:28:35,272 eosda_api 14720 8724760576    üìä Encontradas 0 escenas cubriendo 0/4 meses (0.0%)
WARNING 2026-01-08 10:28:35,272 eosda_api 14720 8724760576    ‚ö†Ô∏è Insuficiente cobertura (0/2 meses)
ERROR 2026-01-08 10:28:35,272 eosda_api 14720 8724760576 ‚ùå No se encontraron datos satelitales suficientes con ning√∫n umbral
INFO 2026-01-08 10:30:22,611 eosda_api 15247 8724760576 üîç B√∫squeda inteligente de im√°genes satelitales
INFO 2026-01-08 10:30:22,611 eosda_api 15247 8724760576    Per√≠odo: 2025-10-10 a 2026-01-08 (4 meses)
INFO 2026-01-08 10:30:22,611 eosda_api 15247 8724760576    M√≠nimo requerido: 2 meses con datos
INFO 2026-01-08 10:30:22,611 eosda_api 15247 8724760576 üåü Intentando con umbral 20% (calidad excelente)...
INFO 2026-01-08 10:30:22,621 eosda_api 15247 8724760576 üîç No hay cach√©, usando Statistics API - 3 √≠ndices en 1 petici√≥n
INFO 2026-01-08 10:30:22,621 eosda_api 15247 8724760576 üì° Enviando petici√≥n Statistics API: 3 √≠ndices
INFO 2026-01-08 10:30:22,621 eosda_api 15247 8724760576    √çndices: NDVI, NDMI, SAVI
INFO 2026-01-08 10:30:22,621 eosda_api 15247 8724760576    Geometr√≠a: Polygon con 10 puntos
ERROR 2026-01-08 10:30:23,398 eosda_api 15247 8724760576 ‚ùå Error EOSDA: 403
ERROR 2026-01-08 10:30:23,398 eosda_api 15247 8724760576    Respuesta: 403: Forbidden
INFO 2026-01-08 10:30:23,404 eosda_api 15247 8724760576    üìä Encontradas 0 escenas cubriendo 0/4 meses (0.0%)
WARNING 2026-01-08 10:30:23,404 eosda_api 15247 8724760576    ‚ö†Ô∏è Insuficiente cobertura (0/2 meses)
INFO 2026-01-08 10:30:23,404 eosda_api 15247 8724760576 ‚òÅÔ∏è Intentando con umbral 50% (calidad buena)...
INFO 2026-01-08 10:30:23,426 eosda_api 15247 8724760576 üîç No hay cach√©, usando Statistics API - 3 √≠ndices en 1 petici√≥n
INFO 2026-01-08 10:30:23,426 eosda_api 15247 8724760576 üì° Enviando petici√≥n Statistics API: 3 √≠ndices
INFO 2026-01-08 10:30:23,426 eosda_api 15247 8724760576    √çndices: NDVI, NDMI, SAVI
INFO 2026-01-08 10:30:23,426 eosda_api 15247 8724760576    Geometr√≠a: Polygon con 10 puntos
ERROR 2026-01-08 10:30:23,599 eosda_api 15247 8724760576 ‚ùå Error EOSDA: 403
ERROR 2026-01-08 10:30:23,600 eosda_api 15247 8724760576    Respuesta: 403: Forbidden
INFO 2026-01-08 10:30:23,602 eosda_api 15247 8724760576    üìä Encontradas 0 escenas cubriendo 0/4 meses (0.0%)
WARNING 2026-01-08 10:30:23,603 eosda_api 15247 8724760576    ‚ö†Ô∏è Insuficiente cobertura (0/2 meses)
INFO 2026-01-08 10:30:23,603 eosda_api 15247 8724760576 ‚ö†Ô∏è Intentando con umbral 80% (calidad aceptable)...
INFO 2026-01-08 10:30:23,623 eosda_api 15247 8724760576 üîç No hay cach√©, usando Statistics API - 3 √≠ndices en 1 petici√≥n
INFO 2026-01-08 10:30:23,623 eosda_api 15247 8724760576 üì° Enviando petici√≥n Statistics API: 3 √≠ndices
INFO 2026-01-08 10:30:23,623 eosda_api 15247 8724760576    √çndices: NDVI, NDMI, SAVI
INFO 2026-01-08 10:30:23,623 eosda_api 15247 8724760576    Geometr√≠a: Polygon con 10 puntos
ERROR 2026-01-08 10:30:23,795 eosda_api 15247 8724760576 ‚ùå Error EOSDA: 403
ERROR 2026-01-08 10:30:23,795 eosda_api 15247 8724760576    Respuesta: 403: Forbidden
INFO 2026-01-08 10:30:23,798 eosda_api 15247 8724760576    üìä Encontradas 0 escenas cubriendo 0/4 meses (0.0%)
WARNING 2026-01-08 10:30:23,798 eosda_api 15247 8724760576    ‚ö†Ô∏è Insuficiente cobertura (0/2 meses)
ERROR 2026-01-08 10:30:23,798 eosda_api 15247 8724760576 ‚ùå No se encontraron datos satelitales suficientes con ning√∫n umbral
INFO 2026-01-08 10:32:55,417 eosda_api 16420 8724760576 üîç B√∫squeda inteligente de im√°genes satelitales
INFO 2026-01-08 10:32:55,417 eosda_api 16420 8724760576    Per√≠odo: 2025-10-10 a 2026-01-08 (4 meses)
INFO 2026-01-08 10:32:55,417 eosda_api 16420 8724760576    M√≠nimo requerido: 2 meses con datos
INFO 2026-01-08 10:32:55,417 eosda_api 16420 8724760576 üåü Intentando con umbral 20% (calidad excelente)...
INFO 2026-01-08 10:32:55,434 eosda_api 16420 8724760576 üîç No hay cach√©, usando Statistics API - 3 √≠ndices en 1 petici√≥n
INFO 2026-01-08 10:32:55,434 eosda_api 16420 8724760576 üì° Enviando petici√≥n Statistics API: 3 √≠ndices
INFO 2026-01-08 10:32:55,438 eosda_api 16420 8724760576    √çndices: NDVI, NDMI, SAVI
INFO 2026-01-08 10:32:55,438 eosda_api 16420 8724760576    Geometr√≠a: Polygon con 10 puntos
ERROR 2026-01-08 10:32:56,194 eosda_api 16420 8724760576 ‚ùå Error EOSDA: 403
ERROR 2026-01-08 10:32:56,194 eosda_api 16420 8724760576    Respuesta: 403: Forbidden
INFO 2026-01-08 10:32:56,199 eosda_api 16420 8724760576    üìä Encontradas 0 escenas cubriendo 0/4 meses (0.0%)
WARNING 2026-01-08 10:32:56,199 eosda_api 16420 8724760576    ‚ö†Ô∏è Insuficiente cobertura (0/2 meses)
INFO 2026-01-08 10:32:56,199 eosda_api 16420 8724760576 ‚òÅÔ∏è Intentando con umbral 50% (calidad buena)...
INFO 2026-01-08 10:32:56,217 eosda_api 16420 8724760576 üîç No hay cach√©, usando Statistics API - 3 √≠ndices en 1 petici√≥n
INFO 2026-01-08 10:32:56,217 eosda_api 16420 8724760576 üì° Enviando petici√≥n Statistics API: 3 √≠ndices
INFO 2026-01-08 10:32:56,217 eosda_api 16420 8724760576    √çndices: NDVI, NDMI, SAVI
INFO 2026-01-08 10:32:56,217 eosda_api 16420 8724760576    Geometr√≠a: Polygon con 10 puntos
ERROR 2026-01-08 10:32:56,394 eosda_api 16420 8724760576 ‚ùå Error EOSDA: 403
ERROR 2026-01-08 10:32:56,395 eosda_api 16420 8724760576    Respuesta: 403: Forbidden
INFO 2026-01-08 10:32:56,397 eosda_api 16420 8724760576    üìä Encontradas 0 escenas cubriendo 0/4 meses (0.0%)
WARNING 2026-01-08 10:32:56,397 eosda_api 16420 8724760576    ‚ö†Ô∏è Insuficiente cobertura (0/2 meses)
INFO 2026-01-08 10:32:56,397 eosda_api 16420 8724760576 ‚ö†Ô∏è Intentando con umbral 80% (calidad aceptable)...
INFO 2026-01-08 10:32:56,416 eosda_api 16420 8724760576 üîç No hay cach√©, usando Statistics API - 3 √≠ndices en 1 petici√≥n
INFO 2026-01-08 10:32:56,416 eosda_api 16420 8724760576 üì° Enviando petici√≥n Statistics API: 3 √≠ndices
INFO 2026-01-08 10:32:56,416 eosda_api 16420 8724760576    √çndices: NDVI, NDMI, SAVI
INFO 2026-01-08 10:32:56,416 eosda_api 16420 8724760576    Geometr√≠a: Polygon con 10 puntos
ERROR 2026-01-08 10:32:56,587 eosda_api 16420 8724760576 ‚ùå Error EOSDA: 403
ERROR 2026-01-08 10:32:56,587 eosda_api 16420 8724760576    Respuesta: 403: Forbidden
INFO 2026-01-08 10:32:56,588 eosda_api 16420 8724760576    üìä Encontradas 0 escenas cubriendo 0/4 meses (0.0%)
WARNING 2026-01-08 10:32:56,589 eosda_api 16420 8724760576    ‚ö†Ô∏è Insuficiente cobertura (0/2 meses)
ERROR 2026-01-08 10:32:56,589 eosda_api 16420 8724760576 ‚ùå No se encontraron datos satelitales suficientes con ning√∫n umbral
INFO 2026-01-08 10:34:37,925 eosda_api 16635 8724760576 üîç B√∫squeda inteligente de im√°genes satelitales
INFO 2026-01-08 10:34:37,925 eosda_api 16635 8724760576    Per√≠odo: 2025-01-08 a 2026-01-08 (13 meses)
INFO 2026-01-08 10:34:37,925 eosda_api 16635 8724760576    M√≠nimo requerido: 6 meses con datos
INFO 2026-01-08 10:34:37,925 eosda_api 16635 8724760576 üåü Intentando con umbral 20% (calidad excelente)...
INFO 2026-01-08 10:34:37,939 eosda_api 16635 8724760576 üîç No hay cach√©, usando Statistics API - 3 √≠ndices en 1 petici√≥n
INFO 2026-01-08 10:34:37,939 eosda_api 16635 8724760576 üì° Enviando petici√≥n Statistics API: 3 √≠ndices
INFO 2026-01-08 10:34:37,939 eosda_api 16635 8724760576    √çndices: NDVI, NDMI, SAVI
INFO 2026-01-08 10:34:37,940 eosda_api 16635 8724760576    Geometr√≠a: Polygon con 10 puntos
ERROR 2026-01-08 10:34:38,688 eosda_api 16635 8724760576 ‚ùå Error EOSDA: 403
ERROR 2026-01-08 10:34:38,688 eosda_api 16635 8724760576    Respuesta: 403: Forbidden
INFO 2026-01-08 10:34:38,692 eosda_api 16635 8724760576    üìä Encontradas 0 escenas cubriendo 0/13 meses (0.0%)
WARNING 2026-01-08 10:34:38,692 eosda_api 16635 8724760576    ‚ö†Ô∏è Insuficiente cobertura (0/6 meses)
INFO 2026-01-08 10:34:38,692 eosda_api 16635 8724760576 ‚òÅÔ∏è Intentando con umbral 50% (calidad buena)...
INFO 2026-01-08 10:34:38,707 eosda_api 16635 8724760576 üîç No hay cach√©, usando Statistics API - 3 √≠ndices en 1 petici√≥n
INFO 2026-01-08 10:34:38,707 eosda_api 16635 8724760576 üì° Enviando petici√≥n Statistics API: 3 √≠ndices
INFO 2026-01-08 10:34:38,707 eosda_api 16635 8724760576    √çndices: NDVI, NDMI, SAVI
INFO 2026-01-08 10:34:38,707 eosda_api 16635 8724760576    Geometr√≠a: Polygon con 10 puntos
ERROR 2026-01-08 10:34:38,879 eosda_api 16635 8724760576 ‚ùå Error EOSDA: 403
ERROR 2026-01-08 10:34:38,880 eosda_api 16635 8724760576    Respuesta: 403: Forbidden
INFO 2026-01-08 10:34:38,882 eosda_api 16635 8724760576    üìä Encontradas 0 escenas cubriendo 0/13 meses (0.0%)
WARNING 2026-01-08 10:34:38,882 eosda_api 16635 8724760576    ‚ö†Ô∏è Insuficiente cobertura (0/6 meses)
INFO 2026-01-08 10:34:38,882 eosda_api 16635 8724760576 ‚ö†Ô∏è Intentando con umbral 80% (calidad aceptable)...
INFO 2026-01-08 10:34:38,899 eosda_api 16635 8724760576 üîç No hay cach√©, usando Statistics API - 3 √≠ndices en 1 petici√≥n
INFO 2026-01-08 10:34:38,899 eosda_api 16635 8724760576 üì° Enviando petici√≥n Statistics API: 3 √≠ndices
INFO 2026-01-08 10:34:38,899 eosda_api 16635 8724760576    √çndices: NDVI, NDMI, SAVI
INFO 2026-01-08 10:34:38,899 eosda_api 16635 8724760576    Geometr√≠a: Polygon con 10 puntos
ERROR 2026-01-08 10:34:39,072 eosda_api 16635 8724760576 ‚ùå Error EOSDA: 403
ERROR 2026-01-08 10:34:39,072 eosda_api 16635 8724760576    Respuesta: 403: Forbidden
INFO 2026-01-08 10:34:39,075 eosda_api 16635 8724760576    üìä Encontradas 0 escenas cubriendo 0/13 meses (0.0%)
WARNING 2026-01-08 10:34:39,076 eosda_api 16635 8724760576    ‚ö†Ô∏è Insuficiente cobertura (0/6 meses)
ERROR 2026-01-08 10:34:39,076 eosda_api 16635 8724760576 ‚ùå No se encontraron datos satelitales suficientes con ning√∫n umbral
INFO 2026-01-08 10:36:12,439 eosda_api 16851 8724760576 üîç No hay cach√©, usando Statistics API - 3 √≠ndices en 1 petici√≥n
INFO 2026-01-08 10:36:12,439 eosda_api 16851 8724760576 üì° Enviando petici√≥n Statistics API: 3 √≠ndices
INFO 2026-01-08 10:36:12,439 eosda_api 16851 8724760576    √çndices: NDVI, NDMI, SAVI
INFO 2026-01-08 10:36:12,439 eosda_api 16851 8724760576    Geometr√≠a: Polygon con 10 puntos
ERROR 2026-01-08 10:36:13,187 eosda_api 16851 8724760576 ‚ùå Error EOSDA: 403
ERROR 2026-01-08 10:36:13,187 eosda_api 16851 8724760576    Respuesta: 403: Forbidden
INFO 2026-01-08 10:36:13,192 eosda_api 16851 8724760576 üîç B√∫squeda inteligente de im√°genes satelitales
INFO 2026-01-08 10:36:13,192 eosda_api 16851 8724760576    Per√≠odo: 2025-01-08 a 2026-01-08 (13 meses)
INFO 2026-01-08 10:36:13,192 eosda_api 16851 8724760576    M√≠nimo requerido: 6 meses con datos
INFO 2026-01-08 10:36:13,193 eosda_api 16851 8724760576 üåü Intentando con umbral 20% (calidad excelente)...
INFO 2026-01-08 10:36:13,215 eosda_api 16851 8724760576 üîç No hay cach√©, usando Statistics API - 3 √≠ndices en 1 petici√≥n
INFO 2026-01-08 10:36:13,215 eosda_api 16851 8724760576 üì° Enviando petici√≥n Statistics API: 3 √≠ndices
INFO 2026-01-08 10:36:13,215 eosda_api 16851 8724760576    √çndices: NDVI, NDMI, SAVI
INFO 2026-01-08 10:36:13,215 eosda_api 16851 8724760576    Geometr√≠a: Polygon con 10 puntos
ERROR 2026-01-08 10:36:13,390 eosda_api 16851 8724760576 ‚ùå Error EOSDA: 403
ERROR 2026-01-08 10:36:13,390 eosda_api 16851 8724760576    Respuesta: 403: Forbidden
INFO 2026-01-08 10:36:13,392 eosda_api 16851 8724760576    üìä Encontradas 0 escenas cubriendo 0/13 meses (0.0%)
WARNING 2026-01-08 10:36:13,392 eosda_api 16851 8724760576    ‚ö†Ô∏è Insuficiente cobertura (0/6 meses)
INFO 2026-01-08 10:36:13,392 eosda_api 16851 8724760576 ‚òÅÔ∏è Intentando con umbral 50% (calidad buena)...
INFO 2026-01-08 10:36:13,414 eosda_api 16851 8724760576 üîç No hay cach√©, usando Statistics API - 3 √≠ndices en 1 petici√≥n
INFO 2026-01-08 10:36:13,414 eosda_api 16851 8724760576 üì° Enviando petici√≥n Statistics API: 3 √≠ndices
INFO 2026-01-08 10:36:13,414 eosda_api 16851 8724760576    √çndices: NDVI, NDMI, SAVI
INFO 2026-01-08 10:36:13,414 eosda_api 16851 8724760576    Geometr√≠a: Polygon con 10 puntos
ERROR 2026-01-08 10:36:13,588 eosda_api 16851 8724760576 ‚ùå Error EOSDA: 403
ERROR 2026-01-08 10:36:13,589 eosda_api 16851 8724760576    Respuesta: 403: Forbidden
INFO 2026-01-08 10:36:13,591 eosda_api 16851 8724760576    üìä Encontradas 0 escenas cubriendo 0/13 meses (0.0%)
WARNING 2026-01-08 10:36:13,591 eosda_api 16851 8724760576    ‚ö†Ô∏è Insuficiente cobertura (0/6 meses)
INFO 2026-01-08 10:36:13,591 eosda_api 16851 8724760576 ‚ö†Ô∏è Intentando con umbral 80% (calidad aceptable)...
INFO 2026-01-08 10:36:13,613 eosda_api 16851 8724760576 üîç No hay cach√©, usando Statistics API - 3 √≠ndices en 1 petici√≥n
INFO 2026-01-08 10:36:13,614 eosda_api 16851 8724760576 üì° Enviando petici√≥n Statistics API: 3 √≠ndices
INFO 2026-01-08 10:36:13,614 eosda_api 16851 8724760576    √çndices: NDVI, NDMI, SAVI
INFO 2026-01-08 10:36:13,614 eosda_api 16851 8724760576    Geometr√≠a: Polygon con 10 puntos
ERROR 2026-01-08 10:36:13,788 eosda_api 16851 8724760576 ‚ùå Error EOSDA: 403
ERROR 2026-01-08 10:36:13,788 eosda_api 16851 8724760576    Respuesta: 403: Forbidden
INFO 2026-01-08 10:36:13,791 eosda_api 16851 8724760576    üìä Encontradas 0 escenas cubriendo 0/13 meses (0.0%)
WARNING 2026-01-08 10:36:13,791 eosda_api 16851 8724760576    ‚ö†Ô∏è Insuficiente cobertura (0/6 meses)
ERROR 2026-01-08 10:36:13,791 eosda_api 16851 8724760576 ‚ùå No se encontraron datos satelitales suficientes con ning√∫n umbral
INFO 2026-01-08 10:37:24,912 eosda_api 17059 8724760576 üîç No hay cach√©, usando Statistics API - 3 √≠ndices en 1 petici√≥n
INFO 2026-01-08 10:37:24,912 eosda_api 17059 8724760576 üì° Enviando petici√≥n Statistics API: 3 √≠ndices
INFO 2026-01-08 10:37:24,912 eosda_api 17059 8724760576    √çndices: NDVI, NDMI, SAVI
INFO 2026-01-08 10:37:24,912 eosda_api 17059 8724760576    Geometr√≠a: Polygon con 10 puntos
ERROR 2026-01-08 10:37:25,613 eosda_api 17059 8724760576 ‚ùå Error EOSDA: 403
ERROR 2026-01-08 10:37:25,613 eosda_api 17059 8724760576    Respuesta: 403: Forbidden
INFO 2026-01-08 10:37:25,618 eosda_api 17059 8724760576 üîç B√∫squeda inteligente de im√°genes satelitales
INFO 2026-01-08 10:37:25,618 eosda_api 17059 8724760576    Per√≠odo: 2025-01-08 a 2026-01-08 (13 meses)
INFO 2026-01-08 10:37:25,618 eosda_api 17059 8724760576    M√≠nimo requerido: 6 meses con datos
INFO 2026-01-08 10:37:25,619 eosda_api 17059 8724760576 üåü Intentando con umbral 20% (calidad excelente)...
INFO 2026-01-08 10:37:25,633 eosda_api 17059 8724760576 üîç No hay cach√©, usando Statistics API - 3 √≠ndices en 1 petici√≥n
INFO 2026-01-08 10:37:25,633 eosda_api 17059 8724760576 üì° Enviando petici√≥n Statistics API: 3 √≠ndices
INFO 2026-01-08 10:37:25,633 eosda_api 17059 8724760576    √çndices: NDVI, NDMI, SAVI
INFO 2026-01-08 10:37:25,633 eosda_api 17059 8724760576    Geometr√≠a: Polygon con 10 puntos
ERROR 2026-01-08 10:37:25,811 eosda_api 17059 8724760576 ‚ùå Error EOSDA: 403
ERROR 2026-01-08 10:37:25,811 eosda_api 17059 8724760576    Respuesta: 403: Forbidden
INFO 2026-01-08 10:37:25,813 eosda_api 17059 8724760576    üìä Encontradas 0 escenas cubriendo 0/13 meses (0.0%)
WARNING 2026-01-08 10:37:25,813 eosda_api 17059 8724760576    ‚ö†Ô∏è Insuficiente cobertura (0/6 meses)
INFO 2026-01-08 10:37:25,813 eosda_api 17059 8724760576 ‚òÅÔ∏è Intentando con umbral 50% (calidad buena)...
INFO 2026-01-08 10:37:25,825 eosda_api 17059 8724760576 üîç No hay cach√©, usando Statistics API - 3 √≠ndices en 1 petici√≥n
INFO 2026-01-08 10:37:25,825 eosda_api 17059 8724760576 üì° Enviando petici√≥n Statistics API: 3 √≠ndices
INFO 2026-01-08 10:37:25,825 eosda_api 17059 8724760576    √çndices: NDVI, NDMI, SAVI
INFO 2026-01-08 10:37:25,826 eosda_api 17059 8724760576    Geometr√≠a: Polygon con 10 puntos
ERROR 2026-01-08 10:37:26,010 eosda_api 17059 8724760576 ‚ùå Error EOSDA: 403
ERROR 2026-01-08 10:37:26,010 eosda_api 17059 8724760576    Respuesta: 403: Forbidden
INFO 2026-01-08 10:37:26,014 eosda_api 17059 8724760576    üìä Encontradas 0 escenas cubriendo 0/13 meses (0.0%)
WARNING 2026-01-08 10:37:26,014 eosda_api 17059 8724760576    ‚ö†Ô∏è Insuficiente cobertura (0/6 meses)
INFO 2026-01-08 10:37:26,014 eosda_api 17059 8724760576 ‚ö†Ô∏è Intentando con umbral 80% (calidad aceptable)...
INFO 2026-01-08 10:37:26,035 eosda_api 17059 8724760576 üîç No hay cach√©, usando Statistics API - 3 √≠ndices en 1 petici√≥n
INFO 2026-01-08 10:37:26,035 eosda_api 17059 8724760576 üì° Enviando petici√≥n Statistics API: 3 √≠ndices
INFO 2026-01-08 10:37:26,035 eosda_api 17059 8724760576    √çndices: NDVI, NDMI, SAVI
INFO 2026-01-08 10:37:26,035 eosda_api 17059 8724760576    Geometr√≠a: Polygon con 10 puntos
ERROR 2026-01-08 10:37:26,213 eosda_api 17059 8724760576 ‚ùå Error EOSDA: 403
ERROR 2026-01-08 10:37:26,214 eosda_api 17059 8724760576    Respuesta: 403: Forbidden
INFO 2026-01-08 10:37:26,216 eosda_api 17059 8724760576    üìä Encontradas 0 escenas cubriendo 0/13 meses (0.0%)
WARNING 2026-01-08 10:37:26,216 eosda_api 17059 8724760576    ‚ö†Ô∏è Insuficiente cobertura (0/6 meses)
ERROR 2026-01-08 10:37:26,216 eosda_api 17059 8724760576 ‚ùå No se encontraron datos satelitales suficientes con ning√∫n umbral
INFO 2026-01-08 10:51:08,962 eosda_api 18412 8724760576 Cultivo mapeado: 'Arroz' -> 'Rice'
INFO 2026-01-08 10:51:08,962 eosda_api 18412 8724760576 Creando campo en EOSDA para parcela: Bio Energy
INFO 2026-01-08 10:51:10,879 eosda_api 18412 8724760576 Respuesta EOSDA - Status: 201
ERROR 2026-01-08 10:51:10,887 eosda_api 18412 8724760576 Error en sincronizar_parcela_con_eosda: OGR failure.
INFO 2026-01-08 10:51:35,908 eosda_api 18601 8724760576 Cultivo mapeado: 'Arroz' -> 'Rice'
INFO 2026-01-08 10:51:35,908 eosda_api 18601 8724760576 Creando campo en EOSDA para parcela: Bio Energy
INFO 2026-01-08 10:51:36,951 eosda_api 18601 8724760576 Respuesta EOSDA - Status: 201
ERROR 2026-01-08 10:51:36,971 eosda_api 18601 8724760576 Error en sincronizar_parcela_con_eosda: OGR failure.
INFO 2026-01-08 10:52:30,220 eosda_api 18806 8724760576 Cultivo mapeado: 'Arroz' -> 'Rice'
INFO 2026-01-08 10:52:30,221 eosda_api 18806 8724760576 Creando campo en EOSDA para parcela: Bio Energy
INFO 2026-01-08 10:52:31,268 eosda_api 18806 8724760576 Respuesta EOSDA - Status: 201
ERROR 2026-01-08 10:52:31,276 eosda_api 18806 8724760576 Error marcando parcela como sincronizada: OGR failure.
INFO 2026-01-08 10:52:31,279 eosda_api 18806 8724760576 ‚úÖ Campo creado exitosamente en EOSDA con ID: 10848947
INFO 2026-01-08 10:52:31,279 eosda_api 18806 8724760576 Parcela Bio Energy sincronizada exitosamente con EOSDA
INFO 2026-01-08 10:53:21,537 eosda_api 19005 8724760576 üîç No hay cach√©, usando Statistics API - 3 √≠ndices en 1 petici√≥n
INFO 2026-01-08 10:53:21,539 eosda_api 19005 8724760576 üì° Enviando petici√≥n Statistics API: 3 √≠ndices
INFO 2026-01-08 10:53:21,539 eosda_api 19005 8724760576    √çndices: NDVI, NDMI, SAVI
INFO 2026-01-08 10:53:21,539 eosda_api 19005 8724760576    Geometr√≠a: Polygon con 12 puntos
ERROR 2026-01-08 10:53:22,209 eosda_api 19005 8724760576 ‚ùå Error EOSDA: 403
ERROR 2026-01-08 10:53:22,209 eosda_api 19005 8724760576    Respuesta: 403: Forbidden
INFO 2026-01-09 17:01:34,577 views 10350 13380907008 Usuario 'admin' inici√≥ sesi√≥n exitosamente
WARNING 2026-01-09 17:01:35,350 eosda_api 10350 13380907008 Verificaci√≥n EOSDA fallida: Status 403
INFO 2026-01-09 17:01:54,753 views 10350 13399830528 Centro calculado para Bio Energy: lat=4.182751234305355, lon=-72.62525444981348
INFO 2026-01-09 17:01:56,959 views 10350 13380907008 üìÖ Usando rango seleccionado: 2025-07-09 a 2026-01-09
INFO 2026-01-09 17:01:56,959 views 10350 13380907008 Obteniendo datos hist√≥ricos para Bio Energy desde 2025-07-09 hasta 2026-01-09
INFO 2026-01-09 17:01:56,959 views 10350 13380907008 üîç Iniciando b√∫squeda inteligente de im√°genes satelitales...
INFO 2026-01-09 17:01:56,960 eosda_api 10350 13380907008 üîç B√∫squeda inteligente de im√°genes satelitales
INFO 2026-01-09 17:01:56,960 eosda_api 10350 13380907008    Per√≠odo: 2025-07-09 a 2026-01-09 (7 meses)
INFO 2026-01-09 17:01:56,960 eosda_api 10350 13380907008    M√≠nimo requerido: 3 meses con datos
INFO 2026-01-09 17:01:56,960 eosda_api 10350 13380907008 üåü Intentando con umbral 20% (calidad excelente)...
INFO 2026-01-09 17:01:56,971 eosda_api 10350 13380907008 üîç No hay cach√©, usando Statistics API - 3 √≠ndices en 1 petici√≥n
INFO 2026-01-09 17:01:56,971 eosda_api 10350 13380907008 üì° Enviando petici√≥n Statistics API: 3 √≠ndices
INFO 2026-01-09 17:01:56,971 eosda_api 10350 13380907008    √çndices: NDVI, NDMI, SAVI
INFO 2026-01-09 17:01:56,971 eosda_api 10350 13380907008    Geometr√≠a: Polygon con 12 puntos
ERROR 2026-01-09 17:01:57,615 eosda_api 10350 13380907008 ‚ùå Error EOSDA: 403
ERROR 2026-01-09 17:01:57,615 eosda_api 10350 13380907008    Respuesta: 403: Forbidden
INFO 2026-01-09 17:01:57,624 eosda_api 10350 13380907008    üìä Encontradas 0 escenas cubriendo 0/7 meses (0.0%)
WARNING 2026-01-09 17:01:57,625 eosda_api 10350 13380907008    ‚ö†Ô∏è Insuficiente cobertura (0/3 meses)
INFO 2026-01-09 17:01:57,625 eosda_api 10350 13380907008 ‚òÅÔ∏è Intentando con umbral 50% (calidad buena)...
INFO 2026-01-09 17:01:57,626 eosda_api 10350 13380907008 üîç No hay cach√©, usando Statistics API - 3 √≠ndices en 1 petici√≥n
INFO 2026-01-09 17:01:57,626 eosda_api 10350 13380907008 üì° Enviando petici√≥n Statistics API: 3 √≠ndices
INFO 2026-01-09 17:01:57,626 eosda_api 10350 13380907008    √çndices: NDVI, NDMI, SAVI
INFO 2026-01-09 17:01:57,626 eosda_api 10350 13380907008    Geometr√≠a: Polygon con 12 puntos
ERROR 2026-01-09 17:01:57,792 eosda_api 10350 13380907008 ‚ùå Error EOSDA: 403
ERROR 2026-01-09 17:01:57,792 eosda_api 10350 13380907008    Respuesta: 403: Forbidden
INFO 2026-01-09 17:01:57,795 eosda_api 10350 13380907008    üìä Encontradas 0 escenas cubriendo 0/7 meses (0.0%)
WARNING 2026-01-09 17:01:57,795 eosda_api 10350 13380907008    ‚ö†Ô∏è Insuficiente cobertura (0/3 meses)
INFO 2026-01-09 17:01:57,795 eosda_api 10350 13380907008 ‚ö†Ô∏è Intentando con umbral 80% (calidad aceptable)...
INFO 2026-01-09 17:01:57,797 eosda_api 10350 13380907008 üîç No hay cach√©, usando Statistics API - 3 √≠ndices en 1 petici√≥n
INFO 2026-01-09 17:01:57,797 eosda_api 10350 13380907008 üì° Enviando petici√≥n Statistics API: 3 √≠ndices
INFO 2026-01-09 17:01:57,798 eosda_api 10350 13380907008    √çndices: NDVI, NDMI, SAVI
INFO 2026-01-09 17:01:57,798 eosda_api 10350 13380907008    Geometr√≠a: Polygon con 12 puntos
ERROR 2026-01-09 17:01:57,963 eosda_api 10350 13380907008 ‚ùå Error EOSDA: 403
ERROR 2026-01-09 17:01:57,964 eosda_api 10350 13380907008    Respuesta: 403: Forbidden
INFO 2026-01-09 17:01:57,966 eosda_api 10350 13380907008    üìä Encontradas 0 escenas cubriendo 0/7 meses (0.0%)
WARNING 2026-01-09 17:01:57,967 eosda_api 10350 13380907008    ‚ö†Ô∏è Insuficiente cobertura (0/3 meses)
ERROR 2026-01-09 17:01:57,967 eosda_api 10350 13380907008 ‚ùå No se encontraron datos satelitales suficientes con ning√∫n umbral
ERROR 2026-01-09 17:01:57,967 views 10350 13380907008 ‚ùå No se encontraron suficientes im√°genes satelitales en el per√≠odo solicitado
INFO 2026-01-09 17:01:57,985 views 10350 13380907008 Centro calculado para Bio Energy: lat=4.182751234305355, lon=-72.62525444981348
INFO 2026-01-09 17:02:04,744 views 10350 13399830528 üìÖ Usando rango seleccionado: 2025-01-09 a 2026-01-09
INFO 2026-01-09 17:02:04,744 views 10350 13399830528 Obteniendo datos hist√≥ricos para Bio Energy desde 2025-01-09 hasta 2026-01-09
INFO 2026-01-09 17:02:04,744 views 10350 13399830528 üîç Iniciando b√∫squeda inteligente de im√°genes satelitales...
INFO 2026-01-09 17:02:04,744 eosda_api 10350 13399830528 üîç B√∫squeda inteligente de im√°genes satelitales
INFO 2026-01-09 17:02:04,744 eosda_api 10350 13399830528    Per√≠odo: 2025-01-09 a 2026-01-09 (13 meses)
INFO 2026-01-09 17:02:04,744 eosda_api 10350 13399830528    M√≠nimo requerido: 6 meses con datos
INFO 2026-01-09 17:02:04,744 eosda_api 10350 13399830528 üåü Intentando con umbral 20% (calidad excelente)...
INFO 2026-01-09 17:02:04,749 eosda_api 10350 13399830528 üîç No hay cach√©, usando Statistics API - 3 √≠ndices en 1 petici√≥n
INFO 2026-01-09 17:02:04,749 eosda_api 10350 13399830528 üì° Enviando petici√≥n Statistics API: 3 √≠ndices
INFO 2026-01-09 17:02:04,749 eosda_api 10350 13399830528    √çndices: NDVI, NDMI, SAVI
INFO 2026-01-09 17:02:04,749 eosda_api 10350 13399830528    Geometr√≠a: Polygon con 12 puntos
ERROR 2026-01-09 17:02:04,915 eosda_api 10350 13399830528 ‚ùå Error EOSDA: 403
ERROR 2026-01-09 17:02:04,915 eosda_api 10350 13399830528    Respuesta: 403: Forbidden
INFO 2026-01-09 17:02:04,920 eosda_api 10350 13399830528    üìä Encontradas 0 escenas cubriendo 0/13 meses (0.0%)
WARNING 2026-01-09 17:02:04,920 eosda_api 10350 13399830528    ‚ö†Ô∏è Insuficiente cobertura (0/6 meses)
INFO 2026-01-09 17:02:04,920 eosda_api 10350 13399830528 ‚òÅÔ∏è Intentando con umbral 50% (calidad buena)...
INFO 2026-01-09 17:02:04,922 eosda_api 10350 13399830528 üîç No hay cach√©, usando Statistics API - 3 √≠ndices en 1 petici√≥n
INFO 2026-01-09 17:02:04,922 eosda_api 10350 13399830528 üì° Enviando petici√≥n Statistics API: 3 √≠ndices
INFO 2026-01-09 17:02:04,922 eosda_api 10350 13399830528    √çndices: NDVI, NDMI, SAVI
INFO 2026-01-09 17:02:04,923 eosda_api 10350 13399830528    Geometr√≠a: Polygon con 12 puntos
ERROR 2026-01-09 17:02:05,091 eosda_api 10350 13399830528 ‚ùå Error EOSDA: 403
ERROR 2026-01-09 17:02:05,091 eosda_api 10350 13399830528    Respuesta: 403: Forbidden
INFO 2026-01-09 17:02:05,093 eosda_api 10350 13399830528    üìä Encontradas 0 escenas cubriendo 0/13 meses (0.0%)
WARNING 2026-01-09 17:02:05,093 eosda_api 10350 13399830528    ‚ö†Ô∏è Insuficiente cobertura (0/6 meses)
INFO 2026-01-09 17:02:05,093 eosda_api 10350 13399830528 ‚ö†Ô∏è Intentando con umbral 80% (calidad aceptable)...
INFO 2026-01-09 17:02:05,095 eosda_api 10350 13399830528 üîç No hay cach√©, usando Statistics API - 3 √≠ndices en 1 petici√≥n
INFO 2026-01-09 17:02:05,095 eosda_api 10350 13399830528 üì° Enviando petici√≥n Statistics API: 3 √≠ndices
INFO 2026-01-09 17:02:05,095 eosda_api 10350 13399830528    √çndices: NDVI, NDMI, SAVI
INFO 2026-01-09 17:02:05,095 eosda_api 10350 13399830528    Geometr√≠a: Polygon con 12 puntos
ERROR 2026-01-09 17:02:05,259 eosda_api 10350 13399830528 ‚ùå Error EOSDA: 403
ERROR 2026-01-09 17:02:05,260 eosda_api 10350 13399830528    Respuesta: 403: Forbidden
INFO 2026-01-09 17:02:05,263 eosda_api 10350 13399830528    üìä Encontradas 0 escenas cubriendo 0/13 meses (0.0%)
WARNING 2026-01-09 17:02:05,263 eosda_api 10350 13399830528    ‚ö†Ô∏è Insuficiente cobertura (0/6 meses)
ERROR 2026-01-09 17:02:05,263 eosda_api 10350 13399830528 ‚ùå No se encontraron datos satelitales suficientes con ning√∫n umbral
ERROR 2026-01-09 17:02:05,263 views 10350 13399830528 ‚ùå No se encontraron suficientes im√°genes satelitales en el per√≠odo solicitado
INFO 2026-01-09 17:02:05,276 views 10350 13399830528 Centro calculado para Bio Energy: lat=4.182751234305355, lon=-72.62525444981348
INFO 2026-01-09 17:02:20,980 views 10350 13380907008 Centro calculado para Bio Energy: lat=4.182751234305355, lon=-72.62525444981348
INFO 2026-01-09 17:02:24,812 views 10350 13380907008 Centro calculado para Parcela #2: lat=5.221796765160202, lon=-72.23557853994942
ERROR 2026-01-09 17:02:27,974 views 10350 13399830528 Error generando PDF para parcela 6: null value in column "precio_base" of relation "informes_informe" violates not-null constraint
DETAIL:  Failing row contains (26, 2026-01-09 22:02:27.970075+00, 12, 2025-01-14, 2026-01-09, Informe - Parcela #2, Informe generado con 13 meses de datos satelitales., , , , /Users/sebasflorez16/Documents/AgroTech Historico/historical/med..., , , null, null, null, 1.0, null, 6, null, null, null, null, null, null, null, null, null, null, null, null).

ERROR 2026-01-09 17:02:27,974 views 10350 13399830528 null value in column "precio_base" of relation "informes_informe" violates not-null constraint
DETAIL:  Failing row contains (26, 2026-01-09 22:02:27.970075+00, 12, 2025-01-14, 2026-01-09, Informe - Parcela #2, Informe generado con 13 meses de datos satelitales., , , , /Users/sebasflorez16/Documents/AgroTech Historico/historical/med..., , , null, null, null, 1.0, null, 6, null, null, null, null, null, null, null, null, null, null, null, null).
Traceback (most recent call last):
  File "/opt/anaconda3/envs/agrotech/lib/python3.11/site-packages/django/db/backends/utils.py", line 105, in _execute
    return self.cursor.execute(sql, params)
           ^^^^^^^^^^^^^^^^^^^^^^^^^^^^^^^^
psycopg2.errors.NotNullViolation: null value in column "precio_base" of relation "informes_informe" violates not-null constraint
DETAIL:  Failing row contains (26, 2026-01-09 22:02:27.970075+00, 12, 2025-01-14, 2026-01-09, Informe - Parcela #2, Informe generado con 13 meses de datos satelitales., , , , /Users/sebasflorez16/Documents/AgroTech Historico/historical/med..., , , null, null, null, 1.0, null, 6, null, null, null, null, null, null, null, null, null, null, null, null).


The above exception was the direct cause of the following exception:

Traceback (most recent call last):
  File "/Users/sebasflorez16/Documents/AgroTech Historico/historical/informes/views.py", line 1963, in generar_informe_pdf
    informe = Informe.objects.create(
              ^^^^^^^^^^^^^^^^^^^^^^^
  File "/opt/anaconda3/envs/agrotech/lib/python3.11/site-packages/django/db/models/manager.py", line 87, in manager_method
    return getattr(self.get_queryset(), name)(*args, **kwargs)
           ^^^^^^^^^^^^^^^^^^^^^^^^^^^^^^^^^^^^^^^^^^^^^^^^^^^
  File "/opt/anaconda3/envs/agrotech/lib/python3.11/site-packages/django/db/models/query.py", line 679, in create
    obj.save(force_insert=True, using=self.db)
  File "/Users/sebasflorez16/Documents/AgroTech Historico/historical/informes/models.py", line 576, in save
    super().save(*args, **kwargs)
  File "/opt/anaconda3/envs/agrotech/lib/python3.11/site-packages/django/db/models/base.py", line 891, in save
    self.save_base(
  File "/opt/anaconda3/envs/agrotech/lib/python3.11/site-packages/django/db/models/base.py", line 997, in save_base
    updated = self._save_table(
              ^^^^^^^^^^^^^^^^^
  File "/opt/anaconda3/envs/agrotech/lib/python3.11/site-packages/django/db/models/base.py", line 1160, in _save_table
    results = self._do_insert(
              ^^^^^^^^^^^^^^^^
  File "/opt/anaconda3/envs/agrotech/lib/python3.11/site-packages/django/db/models/base.py", line 1201, in _do_insert
    return manager._insert(
           ^^^^^^^^^^^^^^^^
  File "/opt/anaconda3/envs/agrotech/lib/python3.11/site-packages/django/db/models/manager.py", line 87, in manager_method
    return getattr(self.get_queryset(), name)(*args, **kwargs)
           ^^^^^^^^^^^^^^^^^^^^^^^^^^^^^^^^^^^^^^^^^^^^^^^^^^^
  File "/opt/anaconda3/envs/agrotech/lib/python3.11/site-packages/django/db/models/query.py", line 1847, in _insert
    return query.get_compiler(using=using).execute_sql(returning_fields)
           ^^^^^^^^^^^^^^^^^^^^^^^^^^^^^^^^^^^^^^^^^^^^^^^^^^^^^^^^^^^^^
  File "/opt/anaconda3/envs/agrotech/lib/python3.11/site-packages/django/db/models/sql/compiler.py", line 1836, in execute_sql
    cursor.execute(sql, params)
  File "/opt/anaconda3/envs/agrotech/lib/python3.11/site-packages/django/db/backends/utils.py", line 122, in execute
    return super().execute(sql, params)
           ^^^^^^^^^^^^^^^^^^^^^^^^^^^^
  File "/opt/anaconda3/envs/agrotech/lib/python3.11/site-packages/django/db/backends/utils.py", line 79, in execute
    return self._execute_with_wrappers(
           ^^^^^^^^^^^^^^^^^^^^^^^^^^^^
  File "/opt/anaconda3/envs/agrotech/lib/python3.11/site-packages/django/db/backends/utils.py", line 92, in _execute_with_wrappers
    return executor(sql, params, many, context)
           ^^^^^^^^^^^^^^^^^^^^^^^^^^^^^^^^^^^^
  File "/opt/anaconda3/envs/agrotech/lib/python3.11/site-packages/django/db/backends/utils.py", line 100, in _execute
    with self.db.wrap_database_errors:
  File "/opt/anaconda3/envs/agrotech/lib/python3.11/site-packages/django/db/utils.py", line 91, in __exit__
    raise dj_exc_value.with_traceback(traceback) from exc_value
  File "/opt/anaconda3/envs/agrotech/lib/python3.11/site-packages/django/db/backends/utils.py", line 105, in _execute
    return self.cursor.execute(sql, params)
           ^^^^^^^^^^^^^^^^^^^^^^^^^^^^^^^^
django.db.utils.IntegrityError: null value in column "precio_base" of relation "informes_informe" violates not-null constraint
DETAIL:  Failing row contains (26, 2026-01-09 22:02:27.970075+00, 12, 2025-01-14, 2026-01-09, Informe - Parcela #2, Informe generado con 13 meses de datos satelitales., , , , /Users/sebasflorez16/Documents/AgroTech Historico/historical/med..., , , null, null, null, 1.0, null, 6, null, null, null, null, null, null, null, null, null, null, null, null).

INFO 2026-01-09 17:02:27,985 views 10350 13399830528 Centro calculado para Parcela #2: lat=5.221796765160202, lon=-72.23557853994942
INFO 2026-01-09 17:05:17,105 views 10350 13380907008 Usuario 'admin' inici√≥ sesi√≥n exitosamente
WARNING 2026-01-09 17:05:17,868 eosda_api 10350 13380907008 Verificaci√≥n EOSDA fallida: Status 403
INFO 2026-01-09 17:05:50,071 views 10350 13380907008 Centro calculado para Parcela #2: lat=5.221796765160202, lon=-72.23557853994942
ERROR 2026-01-09 17:05:55,186 views 10350 13380907008 Error generando PDF para parcela 6: null value in column "precio_base" of relation "informes_informe" violates not-null constraint
DETAIL:  Failing row contains (27, 2026-01-09 22:05:55.184752+00, 12, 2025-01-14, 2026-01-09, Informe - Parcela #2, Informe generado con 13 meses de datos satelitales., , , , /Users/sebasflorez16/Documents/AgroTech Historico/historical/med..., , , null, null, null, 1.0, null, 6, null, null, null, null, null, null, null, null, null, null, null, null).

ERROR 2026-01-09 17:05:55,186 views 10350 13380907008 null value in column "precio_base" of relation "informes_informe" violates not-null constraint
DETAIL:  Failing row contains (27, 2026-01-09 22:05:55.184752+00, 12, 2025-01-14, 2026-01-09, Informe - Parcela #2, Informe generado con 13 meses de datos satelitales., , , , /Users/sebasflorez16/Documents/AgroTech Historico/historical/med..., , , null, null, null, 1.0, null, 6, null, null, null, null, null, null, null, null, null, null, null, null).
Traceback (most recent call last):
  File "/opt/anaconda3/envs/agrotech/lib/python3.11/site-packages/django/db/backends/utils.py", line 105, in _execute
    return self.cursor.execute(sql, params)
           ^^^^^^^^^^^^^^^^^^^^^^^^^^^^^^^^
psycopg2.errors.NotNullViolation: null value in column "precio_base" of relation "informes_informe" violates not-null constraint
DETAIL:  Failing row contains (27, 2026-01-09 22:05:55.184752+00, 12, 2025-01-14, 2026-01-09, Informe - Parcela #2, Informe generado con 13 meses de datos satelitales., , , , /Users/sebasflorez16/Documents/AgroTech Historico/historical/med..., , , null, null, null, 1.0, null, 6, null, null, null, null, null, null, null, null, null, null, null, null).


The above exception was the direct cause of the following exception:

Traceback (most recent call last):
  File "/Users/sebasflorez16/Documents/AgroTech Historico/historical/informes/views.py", line 1963, in generar_informe_pdf
    informe = Informe.objects.create(
              ^^^^^^^^^^^^^^^^^^^^^^^
  File "/opt/anaconda3/envs/agrotech/lib/python3.11/site-packages/django/db/models/manager.py", line 87, in manager_method
    return getattr(self.get_queryset(), name)(*args, **kwargs)
           ^^^^^^^^^^^^^^^^^^^^^^^^^^^^^^^^^^^^^^^^^^^^^^^^^^^
  File "/opt/anaconda3/envs/agrotech/lib/python3.11/site-packages/django/db/models/query.py", line 679, in create
    obj.save(force_insert=True, using=self.db)
  File "/Users/sebasflorez16/Documents/AgroTech Historico/historical/informes/models.py", line 576, in save
    super().save(*args, **kwargs)
  File "/opt/anaconda3/envs/agrotech/lib/python3.11/site-packages/django/db/models/base.py", line 891, in save
    self.save_base(
  File "/opt/anaconda3/envs/agrotech/lib/python3.11/site-packages/django/db/models/base.py", line 997, in save_base
    updated = self._save_table(
              ^^^^^^^^^^^^^^^^^
  File "/opt/anaconda3/envs/agrotech/lib/python3.11/site-packages/django/db/models/base.py", line 1160, in _save_table
    results = self._do_insert(
              ^^^^^^^^^^^^^^^^
  File "/opt/anaconda3/envs/agrotech/lib/python3.11/site-packages/django/db/models/base.py", line 1201, in _do_insert
    return manager._insert(
           ^^^^^^^^^^^^^^^^
  File "/opt/anaconda3/envs/agrotech/lib/python3.11/site-packages/django/db/models/manager.py", line 87, in manager_method
    return getattr(self.get_queryset(), name)(*args, **kwargs)
           ^^^^^^^^^^^^^^^^^^^^^^^^^^^^^^^^^^^^^^^^^^^^^^^^^^^
  File "/opt/anaconda3/envs/agrotech/lib/python3.11/site-packages/django/db/models/query.py", line 1847, in _insert
    return query.get_compiler(using=using).execute_sql(returning_fields)
           ^^^^^^^^^^^^^^^^^^^^^^^^^^^^^^^^^^^^^^^^^^^^^^^^^^^^^^^^^^^^^
  File "/opt/anaconda3/envs/agrotech/lib/python3.11/site-packages/django/db/models/sql/compiler.py", line 1836, in execute_sql
    cursor.execute(sql, params)
  File "/opt/anaconda3/envs/agrotech/lib/python3.11/site-packages/django/db/backends/utils.py", line 122, in execute
    return super().execute(sql, params)
           ^^^^^^^^^^^^^^^^^^^^^^^^^^^^
  File "/opt/anaconda3/envs/agrotech/lib/python3.11/site-packages/django/db/backends/utils.py", line 79, in execute
    return self._execute_with_wrappers(
           ^^^^^^^^^^^^^^^^^^^^^^^^^^^^
  File "/opt/anaconda3/envs/agrotech/lib/python3.11/site-packages/django/db/backends/utils.py", line 92, in _execute_with_wrappers
    return executor(sql, params, many, context)
           ^^^^^^^^^^^^^^^^^^^^^^^^^^^^^^^^^^^^
  File "/opt/anaconda3/envs/agrotech/lib/python3.11/site-packages/django/db/backends/utils.py", line 100, in _execute
    with self.db.wrap_database_errors:
  File "/opt/anaconda3/envs/agrotech/lib/python3.11/site-packages/django/db/utils.py", line 91, in __exit__
    raise dj_exc_value.with_traceback(traceback) from exc_value
  File "/opt/anaconda3/envs/agrotech/lib/python3.11/site-packages/django/db/backends/utils.py", line 105, in _execute
    return self.cursor.execute(sql, params)
           ^^^^^^^^^^^^^^^^^^^^^^^^^^^^^^^^
django.db.utils.IntegrityError: null value in column "precio_base" of relation "informes_informe" violates not-null constraint
DETAIL:  Failing row contains (27, 2026-01-09 22:05:55.184752+00, 12, 2025-01-14, 2026-01-09, Informe - Parcela #2, Informe generado con 13 meses de datos satelitales., , , , /Users/sebasflorez16/Documents/AgroTech Historico/historical/med..., , , null, null, null, 1.0, null, 6, null, null, null, null, null, null, null, null, null, null, null, null).

INFO 2026-01-09 17:05:55,193 views 10350 13380907008 Centro calculado para Parcela #2: lat=5.221796765160202, lon=-72.23557853994942
WARNING 2026-01-09 17:07:27,122 eosda_api 10350 13380907008 Verificaci√≥n EOSDA fallida: Status 403
INFO 2026-01-09 17:11:01,741 views 12383 13371469824 Centro calculado para Parcela #2: lat=5.221796765160202, lon=-72.23557853994942
INFO 2026-01-09 17:11:04,835 views 12383 13388296192 Precio por defecto seg√∫n per√≠odo: $320000.00 COP
ERROR 2026-01-09 17:11:04,835 views 12383 13388296192 Error generando PDF para parcela 6: Informe() got unexpected keyword arguments: 'precio_base', 'cliente', 'fecha_vencimiento'
ERROR 2026-01-09 17:11:04,835 views 12383 13388296192 Informe() got unexpected keyword arguments: 'precio_base', 'cliente', 'fecha_vencimiento'
Traceback (most recent call last):
  File "/Users/sebasflorez16/Documents/AgroTech Historico/historical/informes/views.py", line 2001, in generar_informe_pdf
    informe = Informe.objects.create(
              ^^^^^^^^^^^^^^^^^^^^^^^
  File "/opt/anaconda3/envs/agrotech/lib/python3.11/site-packages/django/db/models/manager.py", line 87, in manager_method
    return getattr(self.get_queryset(), name)(*args, **kwargs)
           ^^^^^^^^^^^^^^^^^^^^^^^^^^^^^^^^^^^^^^^^^^^^^^^^^^^
  File "/opt/anaconda3/envs/agrotech/lib/python3.11/site-packages/django/db/models/query.py", line 677, in create
    obj = self.model(**kwargs)
          ^^^^^^^^^^^^^^^^^^^^
  File "/opt/anaconda3/envs/agrotech/lib/python3.11/site-packages/django/db/models/base.py", line 567, in __init__
    raise TypeError(
TypeError: Informe() got unexpected keyword arguments: 'precio_base', 'cliente', 'fecha_vencimiento'
INFO 2026-01-09 17:11:04,844 views 12383 13388296192 Centro calculado para Parcela #2: lat=5.221796765160202, lon=-72.23557853994942
INFO 2026-01-09 17:12:21,683 views 12429 6170980352 Centro calculado para Parcela #2: lat=5.221796765160202, lon=-72.23557853994942
INFO 2026-01-09 17:12:23,361 views 12429 13237252096 Centro calculado para Parcela #2: lat=5.221796765160202, lon=-72.23557853994942
ERROR 2026-01-09 17:12:28,113 views 12429 13237252096 Error generando PDF para parcela 6: null value in column "precio_base" of relation "informes_informe" violates not-null constraint
DETAIL:  Failing row contains (28, 2026-01-09 22:12:28.112385+00, 12, 2025-01-14, 2026-01-09, Informe - Parcela #2, Informe generado con 13 meses de datos satelitales., , , , /Users/sebasflorez16/Documents/AgroTech Historico/historical/med..., , , null, null, null, 1.0, null, 6, null, null, null, null, null, null, null, null, null, null, null, null).

ERROR 2026-01-09 17:12:28,113 views 12429 13237252096 null value in column "precio_base" of relation "informes_informe" violates not-null constraint
DETAIL:  Failing row contains (28, 2026-01-09 22:12:28.112385+00, 12, 2025-01-14, 2026-01-09, Informe - Parcela #2, Informe generado con 13 meses de datos satelitales., , , , /Users/sebasflorez16/Documents/AgroTech Historico/historical/med..., , , null, null, null, 1.0, null, 6, null, null, null, null, null, null, null, null, null, null, null, null).
Traceback (most recent call last):
  File "/opt/anaconda3/envs/agrotech/lib/python3.11/site-packages/django/db/backends/utils.py", line 105, in _execute
    return self.cursor.execute(sql, params)
           ^^^^^^^^^^^^^^^^^^^^^^^^^^^^^^^^
psycopg2.errors.NotNullViolation: null value in column "precio_base" of relation "informes_informe" violates not-null constraint
DETAIL:  Failing row contains (28, 2026-01-09 22:12:28.112385+00, 12, 2025-01-14, 2026-01-09, Informe - Parcela #2, Informe generado con 13 meses de datos satelitales., , , , /Users/sebasflorez16/Documents/AgroTech Historico/historical/med..., , , null, null, null, 1.0, null, 6, null, null, null, null, null, null, null, null, null, null, null, null).


The above exception was the direct cause of the following exception:

Traceback (most recent call last):
  File "/Users/sebasflorez16/Documents/AgroTech Historico/historical/informes/views.py", line 1963, in generar_informe_pdf
    informe = Informe.objects.create(
              ^^^^^^^^^^^^^^^^^^^^^^^
  File "/opt/anaconda3/envs/agrotech/lib/python3.11/site-packages/django/db/models/manager.py", line 87, in manager_method
    return getattr(self.get_queryset(), name)(*args, **kwargs)
           ^^^^^^^^^^^^^^^^^^^^^^^^^^^^^^^^^^^^^^^^^^^^^^^^^^^
  File "/opt/anaconda3/envs/agrotech/lib/python3.11/site-packages/django/db/models/query.py", line 679, in create
    obj.save(force_insert=True, using=self.db)
  File "/Users/sebasflorez16/Documents/AgroTech Historico/historical/informes/models.py", line 576, in save
    super().save(*args, **kwargs)
  File "/opt/anaconda3/envs/agrotech/lib/python3.11/site-packages/django/db/models/base.py", line 891, in save
    self.save_base(
  File "/opt/anaconda3/envs/agrotech/lib/python3.11/site-packages/django/db/models/base.py", line 997, in save_base
    updated = self._save_table(
              ^^^^^^^^^^^^^^^^^
  File "/opt/anaconda3/envs/agrotech/lib/python3.11/site-packages/django/db/models/base.py", line 1160, in _save_table
    results = self._do_insert(
              ^^^^^^^^^^^^^^^^
  File "/opt/anaconda3/envs/agrotech/lib/python3.11/site-packages/django/db/models/base.py", line 1201, in _do_insert
    return manager._insert(
           ^^^^^^^^^^^^^^^^
  File "/opt/anaconda3/envs/agrotech/lib/python3.11/site-packages/django/db/models/manager.py", line 87, in manager_method
    return getattr(self.get_queryset(), name)(*args, **kwargs)
           ^^^^^^^^^^^^^^^^^^^^^^^^^^^^^^^^^^^^^^^^^^^^^^^^^^^
  File "/opt/anaconda3/envs/agrotech/lib/python3.11/site-packages/django/db/models/query.py", line 1847, in _insert
    return query.get_compiler(using=using).execute_sql(returning_fields)
           ^^^^^^^^^^^^^^^^^^^^^^^^^^^^^^^^^^^^^^^^^^^^^^^^^^^^^^^^^^^^^
  File "/opt/anaconda3/envs/agrotech/lib/python3.11/site-packages/django/db/models/sql/compiler.py", line 1836, in execute_sql
    cursor.execute(sql, params)
  File "/opt/anaconda3/envs/agrotech/lib/python3.11/site-packages/django/db/backends/utils.py", line 122, in execute
    return super().execute(sql, params)
           ^^^^^^^^^^^^^^^^^^^^^^^^^^^^
  File "/opt/anaconda3/envs/agrotech/lib/python3.11/site-packages/django/db/backends/utils.py", line 79, in execute
    return self._execute_with_wrappers(
           ^^^^^^^^^^^^^^^^^^^^^^^^^^^^
  File "/opt/anaconda3/envs/agrotech/lib/python3.11/site-packages/django/db/backends/utils.py", line 92, in _execute_with_wrappers
    return executor(sql, params, many, context)
           ^^^^^^^^^^^^^^^^^^^^^^^^^^^^^^^^^^^^
  File "/opt/anaconda3/envs/agrotech/lib/python3.11/site-packages/django/db/backends/utils.py", line 100, in _execute
    with self.db.wrap_database_errors:
  File "/opt/anaconda3/envs/agrotech/lib/python3.11/site-packages/django/db/utils.py", line 91, in __exit__
    raise dj_exc_value.with_traceback(traceback) from exc_value
  File "/opt/anaconda3/envs/agrotech/lib/python3.11/site-packages/django/db/backends/utils.py", line 105, in _execute
    return self.cursor.execute(sql, params)
           ^^^^^^^^^^^^^^^^^^^^^^^^^^^^^^^^
django.db.utils.IntegrityError: null value in column "precio_base" of relation "informes_informe" violates not-null constraint
DETAIL:  Failing row contains (28, 2026-01-09 22:12:28.112385+00, 12, 2025-01-14, 2026-01-09, Informe - Parcela #2, Informe generado con 13 meses de datos satelitales., , , , /Users/sebasflorez16/Documents/AgroTech Historico/historical/med..., , , null, null, null, 1.0, null, 6, null, null, null, null, null, null, null, null, null, null, null, null).

INFO 2026-01-09 17:12:28,123 views 12429 13237252096 Centro calculado para Parcela #2: lat=5.221796765160202, lon=-72.23557853994942
INFO 2026-01-09 17:14:48,545 views 15706 13372518400 Centro calculado para Parcela #2: lat=5.221796765160202, lon=-72.23557853994942
INFO 2026-01-09 17:14:49,039 views 15706 13389344768 Centro calculado para Parcela #2: lat=5.221796765160202, lon=-72.23557853994942
ERROR 2026-01-09 17:14:54,148 views 15706 13389344768 Error generando PDF para parcela 6: null value in column "descuento_porcentaje" of relation "informes_informe" violates not-null constraint
DETAIL:  Failing row contains (29, 2026-01-09 22:14:54.146411+00, 12, 2025-01-14, 2026-01-09, Informe - Parcela #2, Informe generado con 13 meses de datos satelitales., , , , /Users/sebasflorez16/Documents/AgroTech Historico/historical/med..., , , null, null, null, 1.0, null, 6, 0.00, null, null, null, null, null, null, null, null, null, null, null).

ERROR 2026-01-09 17:14:54,148 views 15706 13389344768 null value in column "descuento_porcentaje" of relation "informes_informe" violates not-null constraint
DETAIL:  Failing row contains (29, 2026-01-09 22:14:54.146411+00, 12, 2025-01-14, 2026-01-09, Informe - Parcela #2, Informe generado con 13 meses de datos satelitales., , , , /Users/sebasflorez16/Documents/AgroTech Historico/historical/med..., , , null, null, null, 1.0, null, 6, 0.00, null, null, null, null, null, null, null, null, null, null, null).
Traceback (most recent call last):
  File "/opt/anaconda3/envs/agrotech/lib/python3.11/site-packages/django/db/backends/utils.py", line 105, in _execute
    return self.cursor.execute(sql, params)
           ^^^^^^^^^^^^^^^^^^^^^^^^^^^^^^^^
psycopg2.errors.NotNullViolation: null value in column "descuento_porcentaje" of relation "informes_informe" violates not-null constraint
DETAIL:  Failing row contains (29, 2026-01-09 22:14:54.146411+00, 12, 2025-01-14, 2026-01-09, Informe - Parcela #2, Informe generado con 13 meses de datos satelitales., , , , /Users/sebasflorez16/Documents/AgroTech Historico/historical/med..., , , null, null, null, 1.0, null, 6, 0.00, null, null, null, null, null, null, null, null, null, null, null).


The above exception was the direct cause of the following exception:

Traceback (most recent call last):
  File "/Users/sebasflorez16/Documents/AgroTech Historico/historical/informes/views.py", line 1963, in generar_informe_pdf
    informe = Informe.objects.create(
              ^^^^^^^^^^^^^^^^^^^^^^^
  File "/opt/anaconda3/envs/agrotech/lib/python3.11/site-packages/django/db/models/manager.py", line 87, in manager_method
    return getattr(self.get_queryset(), name)(*args, **kwargs)
           ^^^^^^^^^^^^^^^^^^^^^^^^^^^^^^^^^^^^^^^^^^^^^^^^^^^
  File "/opt/anaconda3/envs/agrotech/lib/python3.11/site-packages/django/db/models/query.py", line 679, in create
    obj.save(force_insert=True, using=self.db)
  File "/Users/sebasflorez16/Documents/AgroTech Historico/historical/informes/models.py", line 576, in save
    super().save(*args, **kwargs)
  File "/opt/anaconda3/envs/agrotech/lib/python3.11/site-packages/django/db/models/base.py", line 891, in save
    self.save_base(
  File "/opt/anaconda3/envs/agrotech/lib/python3.11/site-packages/django/db/models/base.py", line 997, in save_base
    updated = self._save_table(
              ^^^^^^^^^^^^^^^^^
  File "/opt/anaconda3/envs/agrotech/lib/python3.11/site-packages/django/db/models/base.py", line 1160, in _save_table
    results = self._do_insert(
              ^^^^^^^^^^^^^^^^
  File "/opt/anaconda3/envs/agrotech/lib/python3.11/site-packages/django/db/models/base.py", line 1201, in _do_insert
    return manager._insert(
           ^^^^^^^^^^^^^^^^
  File "/opt/anaconda3/envs/agrotech/lib/python3.11/site-packages/django/db/models/manager.py", line 87, in manager_method
    return getattr(self.get_queryset(), name)(*args, **kwargs)
           ^^^^^^^^^^^^^^^^^^^^^^^^^^^^^^^^^^^^^^^^^^^^^^^^^^^
  File "/opt/anaconda3/envs/agrotech/lib/python3.11/site-packages/django/db/models/query.py", line 1847, in _insert
    return query.get_compiler(using=using).execute_sql(returning_fields)
           ^^^^^^^^^^^^^^^^^^^^^^^^^^^^^^^^^^^^^^^^^^^^^^^^^^^^^^^^^^^^^
  File "/opt/anaconda3/envs/agrotech/lib/python3.11/site-packages/django/db/models/sql/compiler.py", line 1836, in execute_sql
    cursor.execute(sql, params)
  File "/opt/anaconda3/envs/agrotech/lib/python3.11/site-packages/django/db/backends/utils.py", line 122, in execute
    return super().execute(sql, params)
           ^^^^^^^^^^^^^^^^^^^^^^^^^^^^
  File "/opt/anaconda3/envs/agrotech/lib/python3.11/site-packages/django/db/backends/utils.py", line 79, in execute
    return self._execute_with_wrappers(
           ^^^^^^^^^^^^^^^^^^^^^^^^^^^^
  File "/opt/anaconda3/envs/agrotech/lib/python3.11/site-packages/django/db/backends/utils.py", line 92, in _execute_with_wrappers
    return executor(sql, params, many, context)
           ^^^^^^^^^^^^^^^^^^^^^^^^^^^^^^^^^^^^
  File "/opt/anaconda3/envs/agrotech/lib/python3.11/site-packages/django/db/backends/utils.py", line 100, in _execute
    with self.db.wrap_database_errors:
  File "/opt/anaconda3/envs/agrotech/lib/python3.11/site-packages/django/db/utils.py", line 91, in __exit__
    raise dj_exc_value.with_traceback(traceback) from exc_value
  File "/opt/anaconda3/envs/agrotech/lib/python3.11/site-packages/django/db/backends/utils.py", line 105, in _execute
    return self.cursor.execute(sql, params)
           ^^^^^^^^^^^^^^^^^^^^^^^^^^^^^^^^
django.db.utils.IntegrityError: null value in column "descuento_porcentaje" of relation "informes_informe" violates not-null constraint
DETAIL:  Failing row contains (29, 2026-01-09 22:14:54.146411+00, 12, 2025-01-14, 2026-01-09, Informe - Parcela #2, Informe generado con 13 meses de datos satelitales., , , , /Users/sebasflorez16/Documents/AgroTech Historico/historical/med..., , , null, null, null, 1.0, null, 6, 0.00, null, null, null, null, null, null, null, null, null, null, null).

INFO 2026-01-09 17:14:54,157 views 15706 13389344768 Centro calculado para Parcela #2: lat=5.221796765160202, lon=-72.23557853994942
INFO 2026-01-09 17:15:53,179 views 17205 13342126080 Centro calculado para Parcela #2: lat=5.221796765160202, lon=-72.23557853994942
INFO 2026-01-09 17:16:03,026 views 17205 13342126080 Centro calculado para Parcela #2: lat=5.221796765160202, lon=-72.23557853994942
ERROR 2026-01-09 17:16:06,170 views 17205 13379858432 Error generando PDF para parcela 6: null value in column "estado_pago" of relation "informes_informe" violates not-null constraint
DETAIL:  Failing row contains (30, 2026-01-09 22:16:06.168713+00, 12, 2025-01-14, 2026-01-09, Informe - Parcela #2, Informe generado con 13 meses de datos satelitales., , , , /Users/sebasflorez16/Documents/AgroTech Historico/historical/med..., , , null, null, null, 1.0, null, 6, 0.00, 0.00, 0.00, null, 0.00, 0.00, null, null, null, null, null, null).

ERROR 2026-01-09 17:16:06,170 views 17205 13379858432 null value in column "estado_pago" of relation "informes_informe" violates not-null constraint
DETAIL:  Failing row contains (30, 2026-01-09 22:16:06.168713+00, 12, 2025-01-14, 2026-01-09, Informe - Parcela #2, Informe generado con 13 meses de datos satelitales., , , , /Users/sebasflorez16/Documents/AgroTech Historico/historical/med..., , , null, null, null, 1.0, null, 6, 0.00, 0.00, 0.00, null, 0.00, 0.00, null, null, null, null, null, null).
Traceback (most recent call last):
  File "/opt/anaconda3/envs/agrotech/lib/python3.11/site-packages/django/db/backends/utils.py", line 105, in _execute
    return self.cursor.execute(sql, params)
           ^^^^^^^^^^^^^^^^^^^^^^^^^^^^^^^^
psycopg2.errors.NotNullViolation: null value in column "estado_pago" of relation "informes_informe" violates not-null constraint
DETAIL:  Failing row contains (30, 2026-01-09 22:16:06.168713+00, 12, 2025-01-14, 2026-01-09, Informe - Parcela #2, Informe generado con 13 meses de datos satelitales., , , , /Users/sebasflorez16/Documents/AgroTech Historico/historical/med..., , , null, null, null, 1.0, null, 6, 0.00, 0.00, 0.00, null, 0.00, 0.00, null, null, null, null, null, null).


The above exception was the direct cause of the following exception:

Traceback (most recent call last):
  File "/Users/sebasflorez16/Documents/AgroTech Historico/historical/informes/views.py", line 1963, in generar_informe_pdf
    informe = Informe.objects.create(
              ^^^^^^^^^^^^^^^^^^^^^^^
  File "/opt/anaconda3/envs/agrotech/lib/python3.11/site-packages/django/db/models/manager.py", line 87, in manager_method
    return getattr(self.get_queryset(), name)(*args, **kwargs)
           ^^^^^^^^^^^^^^^^^^^^^^^^^^^^^^^^^^^^^^^^^^^^^^^^^^^
  File "/opt/anaconda3/envs/agrotech/lib/python3.11/site-packages/django/db/models/query.py", line 679, in create
    obj.save(force_insert=True, using=self.db)
  File "/Users/sebasflorez16/Documents/AgroTech Historico/historical/informes/models.py", line 576, in save
    super().save(*args, **kwargs)
  File "/opt/anaconda3/envs/agrotech/lib/python3.11/site-packages/django/db/models/base.py", line 891, in save
    self.save_base(
  File "/opt/anaconda3/envs/agrotech/lib/python3.11/site-packages/django/db/models/base.py", line 997, in save_base
    updated = self._save_table(
              ^^^^^^^^^^^^^^^^^
  File "/opt/anaconda3/envs/agrotech/lib/python3.11/site-packages/django/db/models/base.py", line 1160, in _save_table
    results = self._do_insert(
              ^^^^^^^^^^^^^^^^
  File "/opt/anaconda3/envs/agrotech/lib/python3.11/site-packages/django/db/models/base.py", line 1201, in _do_insert
    return manager._insert(
           ^^^^^^^^^^^^^^^^
  File "/opt/anaconda3/envs/agrotech/lib/python3.11/site-packages/django/db/models/manager.py", line 87, in manager_method
    return getattr(self.get_queryset(), name)(*args, **kwargs)
           ^^^^^^^^^^^^^^^^^^^^^^^^^^^^^^^^^^^^^^^^^^^^^^^^^^^
  File "/opt/anaconda3/envs/agrotech/lib/python3.11/site-packages/django/db/models/query.py", line 1847, in _insert
    return query.get_compiler(using=using).execute_sql(returning_fields)
           ^^^^^^^^^^^^^^^^^^^^^^^^^^^^^^^^^^^^^^^^^^^^^^^^^^^^^^^^^^^^^
  File "/opt/anaconda3/envs/agrotech/lib/python3.11/site-packages/django/db/models/sql/compiler.py", line 1836, in execute_sql
    cursor.execute(sql, params)
  File "/opt/anaconda3/envs/agrotech/lib/python3.11/site-packages/django/db/backends/utils.py", line 122, in execute
    return super().execute(sql, params)
           ^^^^^^^^^^^^^^^^^^^^^^^^^^^^
  File "/opt/anaconda3/envs/agrotech/lib/python3.11/site-packages/django/db/backends/utils.py", line 79, in execute
    return self._execute_with_wrappers(
           ^^^^^^^^^^^^^^^^^^^^^^^^^^^^
  File "/opt/anaconda3/envs/agrotech/lib/python3.11/site-packages/django/db/backends/utils.py", line 92, in _execute_with_wrappers
    return executor(sql, params, many, context)
           ^^^^^^^^^^^^^^^^^^^^^^^^^^^^^^^^^^^^
  File "/opt/anaconda3/envs/agrotech/lib/python3.11/site-packages/django/db/backends/utils.py", line 100, in _execute
    with self.db.wrap_database_errors:
  File "/opt/anaconda3/envs/agrotech/lib/python3.11/site-packages/django/db/utils.py", line 91, in __exit__
    raise dj_exc_value.with_traceback(traceback) from exc_value
  File "/opt/anaconda3/envs/agrotech/lib/python3.11/site-packages/django/db/backends/utils.py", line 105, in _execute
    return self.cursor.execute(sql, params)
           ^^^^^^^^^^^^^^^^^^^^^^^^^^^^^^^^
django.db.utils.IntegrityError: null value in column "estado_pago" of relation "informes_informe" violates not-null constraint
DETAIL:  Failing row contains (30, 2026-01-09 22:16:06.168713+00, 12, 2025-01-14, 2026-01-09, Informe - Parcela #2, Informe generado con 13 meses de datos satelitales., , , , /Users/sebasflorez16/Documents/AgroTech Historico/historical/med..., , , null, null, null, 1.0, null, 6, 0.00, 0.00, 0.00, null, 0.00, 0.00, null, null, null, null, null, null).

INFO 2026-01-09 17:16:06,181 views 17205 13379858432 Centro calculado para Parcela #2: lat=5.221796765160202, lon=-72.23557853994942
INFO 2026-01-09 17:18:50,317 views 17732 13415510016 Centro calculado para Parcela #2: lat=5.221796765160202, lon=-72.23557853994942
INFO 2026-01-09 17:18:52,926 views 17732 13415510016 Centro calculado para Parcela #2: lat=5.221796765160202, lon=-72.23557853994942
ERROR 2026-01-09 17:18:57,368 views 17732 13453258752 Error generando PDF para parcela 6: null value in column "metodo_pago" of relation "informes_informe" violates not-null constraint
DETAIL:  Failing row contains (31, 2026-01-09 22:18:57.366877+00, 12, 2025-01-14, 2026-01-09, Informe - Parcela #2, Informe generado con 13 meses de datos satelitales., , , , /Users/sebasflorez16/Documents/AgroTech Historico/historical/med..., , , null, null, null, 1.0, null, 6, 0.00, 0.00, 0.00, pendiente, 0.00, 0.00, null, null, null, null, null, null).

ERROR 2026-01-09 17:18:57,368 views 17732 13453258752 null value in column "metodo_pago" of relation "informes_informe" violates not-null constraint
DETAIL:  Failing row contains (31, 2026-01-09 22:18:57.366877+00, 12, 2025-01-14, 2026-01-09, Informe - Parcela #2, Informe generado con 13 meses de datos satelitales., , , , /Users/sebasflorez16/Documents/AgroTech Historico/historical/med..., , , null, null, null, 1.0, null, 6, 0.00, 0.00, 0.00, pendiente, 0.00, 0.00, null, null, null, null, null, null).
Traceback (most recent call last):
  File "/opt/anaconda3/envs/agrotech/lib/python3.11/site-packages/django/db/backends/utils.py", line 105, in _execute
    return self.cursor.execute(sql, params)
           ^^^^^^^^^^^^^^^^^^^^^^^^^^^^^^^^
psycopg2.errors.NotNullViolation: null value in column "metodo_pago" of relation "informes_informe" violates not-null constraint
DETAIL:  Failing row contains (31, 2026-01-09 22:18:57.366877+00, 12, 2025-01-14, 2026-01-09, Informe - Parcela #2, Informe generado con 13 meses de datos satelitales., , , , /Users/sebasflorez16/Documents/AgroTech Historico/historical/med..., , , null, null, null, 1.0, null, 6, 0.00, 0.00, 0.00, pendiente, 0.00, 0.00, null, null, null, null, null, null).


The above exception was the direct cause of the following exception:

Traceback (most recent call last):
  File "/Users/sebasflorez16/Documents/AgroTech Historico/historical/informes/views.py", line 1963, in generar_informe_pdf
    informe = Informe.objects.create(
              ^^^^^^^^^^^^^^^^^^^^^^^
  File "/opt/anaconda3/envs/agrotech/lib/python3.11/site-packages/django/db/models/manager.py", line 87, in manager_method
    return getattr(self.get_queryset(), name)(*args, **kwargs)
           ^^^^^^^^^^^^^^^^^^^^^^^^^^^^^^^^^^^^^^^^^^^^^^^^^^^
  File "/opt/anaconda3/envs/agrotech/lib/python3.11/site-packages/django/db/models/query.py", line 679, in create
    obj.save(force_insert=True, using=self.db)
  File "/Users/sebasflorez16/Documents/AgroTech Historico/historical/informes/models.py", line 584, in save
    super().save(*args, **kwargs)
  File "/opt/anaconda3/envs/agrotech/lib/python3.11/site-packages/django/db/models/base.py", line 891, in save
    self.save_base(
  File "/opt/anaconda3/envs/agrotech/lib/python3.11/site-packages/django/db/models/base.py", line 997, in save_base
    updated = self._save_table(
              ^^^^^^^^^^^^^^^^^
  File "/opt/anaconda3/envs/agrotech/lib/python3.11/site-packages/django/db/models/base.py", line 1160, in _save_table
    results = self._do_insert(
              ^^^^^^^^^^^^^^^^
  File "/opt/anaconda3/envs/agrotech/lib/python3.11/site-packages/django/db/models/base.py", line 1201, in _do_insert
    return manager._insert(
           ^^^^^^^^^^^^^^^^
  File "/opt/anaconda3/envs/agrotech/lib/python3.11/site-packages/django/db/models/manager.py", line 87, in manager_method
    return getattr(self.get_queryset(), name)(*args, **kwargs)
           ^^^^^^^^^^^^^^^^^^^^^^^^^^^^^^^^^^^^^^^^^^^^^^^^^^^
  File "/opt/anaconda3/envs/agrotech/lib/python3.11/site-packages/django/db/models/query.py", line 1847, in _insert
    return query.get_compiler(using=using).execute_sql(returning_fields)
           ^^^^^^^^^^^^^^^^^^^^^^^^^^^^^^^^^^^^^^^^^^^^^^^^^^^^^^^^^^^^^
  File "/opt/anaconda3/envs/agrotech/lib/python3.11/site-packages/django/db/models/sql/compiler.py", line 1836, in execute_sql
    cursor.execute(sql, params)
  File "/opt/anaconda3/envs/agrotech/lib/python3.11/site-packages/django/db/backends/utils.py", line 122, in execute
    return super().execute(sql, params)
           ^^^^^^^^^^^^^^^^^^^^^^^^^^^^
  File "/opt/anaconda3/envs/agrotech/lib/python3.11/site-packages/django/db/backends/utils.py", line 79, in execute
    return self._execute_with_wrappers(
           ^^^^^^^^^^^^^^^^^^^^^^^^^^^^
  File "/opt/anaconda3/envs/agrotech/lib/python3.11/site-packages/django/db/backends/utils.py", line 92, in _execute_with_wrappers
    return executor(sql, params, many, context)
           ^^^^^^^^^^^^^^^^^^^^^^^^^^^^^^^^^^^^
  File "/opt/anaconda3/envs/agrotech/lib/python3.11/site-packages/django/db/backends/utils.py", line 100, in _execute
    with self.db.wrap_database_errors:
  File "/opt/anaconda3/envs/agrotech/lib/python3.11/site-packages/django/db/utils.py", line 91, in __exit__
    raise dj_exc_value.with_traceback(traceback) from exc_value
  File "/opt/anaconda3/envs/agrotech/lib/python3.11/site-packages/django/db/backends/utils.py", line 105, in _execute
    return self.cursor.execute(sql, params)
           ^^^^^^^^^^^^^^^^^^^^^^^^^^^^^^^^
django.db.utils.IntegrityError: null value in column "metodo_pago" of relation "informes_informe" violates not-null constraint
DETAIL:  Failing row contains (31, 2026-01-09 22:18:57.366877+00, 12, 2025-01-14, 2026-01-09, Informe - Parcela #2, Informe generado con 13 meses de datos satelitales., , , , /Users/sebasflorez16/Documents/AgroTech Historico/historical/med..., , , null, null, null, 1.0, null, 6, 0.00, 0.00, 0.00, pendiente, 0.00, 0.00, null, null, null, null, null, null).

INFO 2026-01-09 17:18:57,380 views 17732 13453258752 Centro calculado para Parcela #2: lat=5.221796765160202, lon=-72.23557853994942
INFO 2026-01-09 17:31:29,294 views 19630 13379858432 Centro calculado para Parcela #2: lat=5.221796765160202, lon=-72.23557853994942
INFO 2026-01-09 17:31:31,081 views 19630 13379858432 Centro calculado para Parcela #2: lat=5.221796765160202, lon=-72.23557853994942
INFO 2026-01-09 17:31:34,096 views 19630 13379858432 Centro calculado para Parcela #2: lat=5.221796765160202, lon=-72.23557853994942
ERROR 2026-01-09 17:31:37,769 views 19630 13396684800 Error generando PDF para parcela 6: null value in column "referencia_pago" of relation "informes_informe" violates not-null constraint
DETAIL:  Failing row contains (32, 2026-01-09 22:31:37.768934+00, 12, 2025-01-14, 2026-01-09, Informe - Parcela #2, Informe generado con 13 meses de datos satelitales., , , , /Users/sebasflorez16/Documents/AgroTech Historico/historical/med..., , , null, null, null, 1.0, null, 6, 0.00, 0.00, 0.00, 0.00, 0.00, null, null, null, null, null, null).

ERROR 2026-01-09 17:31:37,770 views 19630 13396684800 null value in column "referencia_pago" of relation "informes_informe" violates not-null constraint
DETAIL:  Failing row contains (32, 2026-01-09 22:31:37.768934+00, 12, 2025-01-14, 2026-01-09, Informe - Parcela #2, Informe generado con 13 meses de datos satelitales., , , , /Users/sebasflorez16/Documents/AgroTech Historico/historical/med..., , , null, null, null, 1.0, null, 6, 0.00, 0.00, 0.00, 0.00, 0.00, null, null, null, null, null, null).
Traceback (most recent call last):
  File "/opt/anaconda3/envs/agrotech/lib/python3.11/site-packages/django/db/backends/utils.py", line 105, in _execute
    return self.cursor.execute(sql, params)
           ^^^^^^^^^^^^^^^^^^^^^^^^^^^^^^^^
psycopg2.errors.NotNullViolation: null value in column "referencia_pago" of relation "informes_informe" violates not-null constraint
DETAIL:  Failing row contains (32, 2026-01-09 22:31:37.768934+00, 12, 2025-01-14, 2026-01-09, Informe - Parcela #2, Informe generado con 13 meses de datos satelitales., , , , /Users/sebasflorez16/Documents/AgroTech Historico/historical/med..., , , null, null, null, 1.0, null, 6, 0.00, 0.00, 0.00, 0.00, 0.00, null, null, null, null, null, null).


The above exception was the direct cause of the following exception:

Traceback (most recent call last):
  File "/Users/sebasflorez16/Documents/AgroTech Historico/historical/informes/views.py", line 1963, in generar_informe_pdf
    informe = Informe.objects.create(
              ^^^^^^^^^^^^^^^^^^^^^^^
  File "/opt/anaconda3/envs/agrotech/lib/python3.11/site-packages/django/db/models/manager.py", line 87, in manager_method
    return getattr(self.get_queryset(), name)(*args, **kwargs)
           ^^^^^^^^^^^^^^^^^^^^^^^^^^^^^^^^^^^^^^^^^^^^^^^^^^^
  File "/opt/anaconda3/envs/agrotech/lib/python3.11/site-packages/django/db/models/query.py", line 679, in create
    obj.save(force_insert=True, using=self.db)
  File "/Users/sebasflorez16/Documents/AgroTech Historico/historical/informes/models.py", line 590, in save
    super().save(*args, **kwargs)
  File "/opt/anaconda3/envs/agrotech/lib/python3.11/site-packages/django/db/models/base.py", line 891, in save
    self.save_base(
  File "/opt/anaconda3/envs/agrotech/lib/python3.11/site-packages/django/db/models/base.py", line 997, in save_base
    updated = self._save_table(
              ^^^^^^^^^^^^^^^^^
  File "/opt/anaconda3/envs/agrotech/lib/python3.11/site-packages/django/db/models/base.py", line 1160, in _save_table
    results = self._do_insert(
              ^^^^^^^^^^^^^^^^
  File "/opt/anaconda3/envs/agrotech/lib/python3.11/site-packages/django/db/models/base.py", line 1201, in _do_insert
    return manager._insert(
           ^^^^^^^^^^^^^^^^
  File "/opt/anaconda3/envs/agrotech/lib/python3.11/site-packages/django/db/models/manager.py", line 87, in manager_method
    return getattr(self.get_queryset(), name)(*args, **kwargs)
           ^^^^^^^^^^^^^^^^^^^^^^^^^^^^^^^^^^^^^^^^^^^^^^^^^^^
  File "/opt/anaconda3/envs/agrotech/lib/python3.11/site-packages/django/db/models/query.py", line 1847, in _insert
    return query.get_compiler(using=using).execute_sql(returning_fields)
           ^^^^^^^^^^^^^^^^^^^^^^^^^^^^^^^^^^^^^^^^^^^^^^^^^^^^^^^^^^^^^
  File "/opt/anaconda3/envs/agrotech/lib/python3.11/site-packages/django/db/models/sql/compiler.py", line 1836, in execute_sql
    cursor.execute(sql, params)
  File "/opt/anaconda3/envs/agrotech/lib/python3.11/site-packages/django/db/backends/utils.py", line 122, in execute
    return super().execute(sql, params)
           ^^^^^^^^^^^^^^^^^^^^^^^^^^^^
  File "/opt/anaconda3/envs/agrotech/lib/python3.11/site-packages/django/db/backends/utils.py", line 79, in execute
    return self._execute_with_wrappers(
           ^^^^^^^^^^^^^^^^^^^^^^^^^^^^
  File "/opt/anaconda3/envs/agrotech/lib/python3.11/site-packages/django/db/backends/utils.py", line 92, in _execute_with_wrappers
    return executor(sql, params, many, context)
           ^^^^^^^^^^^^^^^^^^^^^^^^^^^^^^^^^^^^
  File "/opt/anaconda3/envs/agrotech/lib/python3.11/site-packages/django/db/backends/utils.py", line 100, in _execute
    with self.db.wrap_database_errors:
  File "/opt/anaconda3/envs/agrotech/lib/python3.11/site-packages/django/db/utils.py", line 91, in __exit__
    raise dj_exc_value.with_traceback(traceback) from exc_value
  File "/opt/anaconda3/envs/agrotech/lib/python3.11/site-packages/django/db/backends/utils.py", line 105, in _execute
    return self.cursor.execute(sql, params)
           ^^^^^^^^^^^^^^^^^^^^^^^^^^^^^^^^
django.db.utils.IntegrityError: null value in column "referencia_pago" of relation "informes_informe" violates not-null constraint
DETAIL:  Failing row contains (32, 2026-01-09 22:31:37.768934+00, 12, 2025-01-14, 2026-01-09, Informe - Parcela #2, Informe generado con 13 meses de datos satelitales., , , , /Users/sebasflorez16/Documents/AgroTech Historico/historical/med..., , , null, null, null, 1.0, null, 6, 0.00, 0.00, 0.00, 0.00, 0.00, null, null, null, null, null, null).

INFO 2026-01-09 17:31:37,781 views 19630 13396684800 Centro calculado para Parcela #2: lat=5.221796765160202, lon=-72.23557853994942
INFO 2026-01-10 09:00:12,481 views 2080 13212086272 Centro calculado para Parcela #2: lat=5.221796765160202, lon=-72.23557853994942
INFO 2026-01-10 09:00:19,751 views 2080 13228912640 Usuario 'admin' inici√≥ sesi√≥n exitosamente
WARNING 2026-01-10 09:00:20,552 eosda_api 2080 13228912640 Verificaci√≥n EOSDA fallida: Status 403
